<?xml version="1.0" encoding="UTF-8"?>
<coverage generated="1547745237650" clover="3.2.0">
  <project timestamp="1547745237651" name="All files">
    <metrics statements="425" coveredstatements="269" conditionals="124" coveredconditionals="38" methods="195" coveredmethods="103" elements="744" coveredelements="410" complexity="0" loc="425" ncloc="425" packages="19" files="57" classes="57">
      <package name="src">
        <metrics statements="23" coveredstatements="4" conditionals="6" coveredconditionals="0" methods="3" coveredmethods="2"/>
        <file name="app.tsx" path="/Users/pavel/Sites/11coders/my-contacts-client/src/app.tsx">
          <metrics statements="2" coveredstatements="2" conditionals="0" coveredconditionals="0" methods="1" coveredmethods="1"/>
          <line num="8" count="1" type="stmt"/>
          <line num="9" count="1" type="stmt"/>
        </file>
        <file name="index.tsx" path="/Users/pavel/Sites/11coders/my-contacts-client/src/index.tsx">
          <metrics statements="19" coveredstatements="0" conditionals="6" coveredconditionals="0" methods="1" coveredmethods="0"/>
          <line num="1" count="0" type="stmt"/>
          <line num="2" count="0" type="stmt"/>
          <line num="3" count="0" type="stmt"/>
          <line num="4" count="0" type="stmt"/>
          <line num="5" count="0" type="stmt"/>
          <line num="6" count="0" type="stmt"/>
          <line num="7" count="0" type="stmt"/>
          <line num="8" count="0" type="stmt"/>
          <line num="9" count="0" type="stmt"/>
          <line num="11" count="0" type="cond" truecount="0" falsecount="2"/>
          <line num="14" count="0" type="stmt"/>
          <line num="15" count="0" type="stmt"/>
          <line num="17" count="0" type="cond" truecount="0" falsecount="2"/>
          <line num="18" count="0" type="stmt"/>
          <line num="20" count="0" type="stmt"/>
          <line num="23" count="0" type="stmt"/>
          <line num="30" count="0" type="cond" truecount="0" falsecount="2"/>
          <line num="31" count="0" type="stmt"/>
          <line num="32" count="0" type="stmt"/>
        </file>
        <file name="routes.tsx" path="/Users/pavel/Sites/11coders/my-contacts-client/src/routes.tsx">
          <metrics statements="2" coveredstatements="2" conditionals="0" coveredconditionals="0" methods="1" coveredmethods="1"/>
          <line num="10" count="1" type="stmt"/>
          <line num="11" count="1" type="stmt"/>
        </file>
      </package>
      <package name="src.components.table">
        <metrics statements="72" coveredstatements="12" conditionals="40" coveredconditionals="6" methods="32" coveredmethods="6"/>
        <file name="index.tsx" path="/Users/pavel/Sites/11coders/my-contacts-client/src/components/table/index.tsx">
          <metrics statements="50" coveredstatements="7" conditionals="24" coveredconditionals="0" methods="18" coveredmethods="2"/>
          <line num="18" count="2" type="stmt"/>
          <line num="19" count="1" type="stmt"/>
          <line num="40" count="2" type="stmt"/>
          <line num="41" count="2" type="stmt"/>
          <line num="51" count="2" type="stmt"/>
          <line num="53" count="2" type="stmt"/>
          <line num="54" count="2" type="stmt"/>
          <line num="75" count="0" type="stmt"/>
          <line num="76" count="0" type="stmt"/>
          <line num="96" count="0" type="stmt"/>
          <line num="153" count="0" type="stmt"/>
          <line num="154" count="0" type="stmt"/>
          <line num="156" count="0" type="cond" truecount="0" falsecount="4"/>
          <line num="157" count="0" type="stmt"/>
          <line num="160" count="0" type="stmt"/>
          <line num="161" count="0" type="stmt"/>
          <line num="165" count="0" type="cond" truecount="0" falsecount="2"/>
          <line num="166" count="0" type="stmt"/>
          <line num="167" count="0" type="stmt"/>
          <line num="169" count="0" type="stmt"/>
          <line num="171" count="0" type="stmt"/>
          <line num="174" count="0" type="stmt"/>
          <line num="175" count="0" type="stmt"/>
          <line num="176" count="0" type="stmt"/>
          <line num="177" count="0" type="stmt"/>
          <line num="178" count="0" type="stmt"/>
          <line num="180" count="0" type="cond" truecount="0" falsecount="2"/>
          <line num="181" count="0" type="stmt"/>
          <line num="182" count="0" type="cond" truecount="0" falsecount="2"/>
          <line num="183" count="0" type="stmt"/>
          <line num="184" count="0" type="cond" truecount="0" falsecount="2"/>
          <line num="185" count="0" type="stmt"/>
          <line num="186" count="0" type="cond" truecount="0" falsecount="2"/>
          <line num="187" count="0" type="stmt"/>
          <line num="193" count="0" type="stmt"/>
          <line num="197" count="0" type="stmt"/>
          <line num="202" count="0" type="stmt"/>
          <line num="206" count="0" type="stmt"/>
          <line num="208" count="0" type="stmt"/>
          <line num="209" count="0" type="stmt"/>
          <line num="210" count="0" type="cond" truecount="0" falsecount="2"/>
          <line num="211" count="0" type="stmt"/>
          <line num="215" count="0" type="stmt"/>
          <line num="216" count="0" type="stmt"/>
          <line num="217" count="0" type="cond" truecount="0" falsecount="2"/>
          <line num="218" count="0" type="stmt"/>
          <line num="222" count="0" type="stmt"/>
          <line num="223" count="0" type="stmt"/>
          <line num="224" count="0" type="cond" truecount="0" falsecount="2"/>
          <line num="225" count="0" type="stmt"/>
        </file>
        <file name="table-header.tsx" path="/Users/pavel/Sites/11coders/my-contacts-client/src/components/table/table-header.tsx">
          <metrics statements="6" coveredstatements="5" conditionals="8" coveredconditionals="6" methods="5" coveredmethods="4"/>
          <line num="11" count="2" type="stmt"/>
          <line num="23" count="2" type="stmt"/>
          <line num="25" count="2" type="stmt"/>
          <line num="36" count="6" type="stmt"/>
          <line num="64" count="6" type="stmt"/>
          <line num="65" count="0" type="stmt"/>
        </file>
        <file name="utils.ts" path="/Users/pavel/Sites/11coders/my-contacts-client/src/components/table/utils.ts">
          <metrics statements="16" coveredstatements="0" conditionals="8" coveredconditionals="0" methods="9" coveredmethods="0"/>
          <line num="18" count="0" type="stmt"/>
          <line num="22" count="0" type="cond" truecount="0" falsecount="2"/>
          <line num="23" count="0" type="stmt"/>
          <line num="25" count="0" type="cond" truecount="0" falsecount="2"/>
          <line num="26" count="0" type="stmt"/>
          <line num="28" count="0" type="stmt"/>
          <line num="32" count="0" type="stmt"/>
          <line num="33" count="0" type="stmt"/>
          <line num="34" count="0" type="stmt"/>
          <line num="35" count="0" type="cond" truecount="0" falsecount="2"/>
          <line num="36" count="0" type="stmt"/>
          <line num="38" count="0" type="stmt"/>
          <line num="40" count="0" type="stmt"/>
          <line num="44" count="0" type="stmt"/>
          <line num="45" count="0" type="cond" truecount="0" falsecount="2"/>
          <line num="46" count="0" type="stmt"/>
        </file>
      </package>
      <package name="src.components.table.table-toolbar">
        <metrics statements="12" coveredstatements="12" conditionals="14" coveredconditionals="9" methods="7" coveredmethods="7"/>
        <file name="index.tsx" path="/Users/pavel/Sites/11coders/my-contacts-client/src/components/table/table-toolbar/index.tsx">
          <metrics statements="3" coveredstatements="3" conditionals="8" coveredconditionals="6" methods="1" coveredmethods="1"/>
          <line num="16" count="2" type="stmt"/>
          <line num="17" count="2" type="stmt"/>
          <line num="19" count="2" type="stmt"/>
        </file>
        <file name="search-form.tsx" path="/Users/pavel/Sites/11coders/my-contacts-client/src/components/table/table-toolbar/search-form.tsx">
          <metrics statements="7" coveredstatements="7" conditionals="4" coveredconditionals="2" methods="5" coveredmethods="5"/>
          <line num="16" count="2" type="stmt"/>
          <line num="17" count="2" type="stmt"/>
          <line num="20" count="2" type="stmt"/>
          <line num="26" count="2" type="stmt"/>
          <line num="34" count="2" type="stmt"/>
          <line num="52" count="2" type="stmt"/>
          <line num="53" count="2" type="stmt"/>
        </file>
        <file name="styles.ts" path="/Users/pavel/Sites/11coders/my-contacts-client/src/components/table/table-toolbar/styles.ts">
          <metrics statements="2" coveredstatements="2" conditionals="2" coveredconditionals="1" methods="1" coveredmethods="1"/>
          <line num="3" count="2" type="stmt"/>
          <line num="4" count="1" type="stmt"/>
        </file>
      </package>
      <package name="src.components.ui.input">
        <metrics statements="8" coveredstatements="8" conditionals="8" coveredconditionals="5" methods="6" coveredmethods="6"/>
        <file name="checkbox.tsx" path="/Users/pavel/Sites/11coders/my-contacts-client/src/components/ui/input/checkbox.tsx">
          <metrics statements="1" coveredstatements="1" conditionals="0" coveredconditionals="0" methods="1" coveredmethods="1"/>
          <line num="10" count="1" type="stmt"/>
        </file>
        <file name="error-field.tsx" path="/Users/pavel/Sites/11coders/my-contacts-client/src/components/ui/input/error-field.tsx">
          <metrics statements="5" coveredstatements="5" conditionals="4" coveredconditionals="2" methods="3" coveredmethods="3"/>
          <line num="7" count="4" type="stmt"/>
          <line num="8" count="3" type="stmt"/>
          <line num="15" count="4" type="stmt"/>
          <line num="16" count="43" type="stmt"/>
          <line num="21" count="43" type="cond" truecount="2" falsecount="2"/>
        </file>
        <file name="radio.tsx" path="/Users/pavel/Sites/11coders/my-contacts-client/src/components/ui/input/radio.tsx">
          <metrics statements="1" coveredstatements="1" conditionals="0" coveredconditionals="0" methods="1" coveredmethods="1"/>
          <line num="10" count="1" type="stmt"/>
        </file>
        <file name="text-field.tsx" path="/Users/pavel/Sites/11coders/my-contacts-client/src/components/ui/input/text-field.tsx">
          <metrics statements="1" coveredstatements="1" conditionals="4" coveredconditionals="3" methods="1" coveredmethods="1"/>
          <line num="10" count="42" type="stmt"/>
        </file>
      </package>
      <package name="src.constants">
        <metrics statements="1" coveredstatements="1" conditionals="2" coveredconditionals="2" methods="0" coveredmethods="0"/>
        <file name="index.ts" path="/Users/pavel/Sites/11coders/my-contacts-client/src/constants/index.ts">
          <metrics statements="1" coveredstatements="1" conditionals="2" coveredconditionals="2" methods="0" coveredmethods="0"/>
          <line num="2" count="10" type="cond" truecount="2" falsecount="0"/>
        </file>
      </package>
      <package name="src.layouts.main">
        <metrics statements="5" coveredstatements="5" conditionals="0" coveredconditionals="0" methods="2" coveredmethods="2"/>
        <file name="index.tsx" path="/Users/pavel/Sites/11coders/my-contacts-client/src/layouts/main/index.tsx">
          <metrics statements="4" coveredstatements="4" conditionals="0" coveredconditionals="0" methods="1" coveredmethods="1"/>
          <line num="15" count="3" type="stmt"/>
          <line num="20" count="3" type="stmt"/>
          <line num="34" count="3" type="stmt"/>
          <line num="35" count="3" type="stmt"/>
        </file>
        <file name="styles.ts" path="/Users/pavel/Sites/11coders/my-contacts-client/src/layouts/main/styles.ts">
          <metrics statements="1" coveredstatements="1" conditionals="0" coveredconditionals="0" methods="1" coveredmethods="1"/>
          <line num="3" count="2" type="stmt"/>
        </file>
      </package>
      <package name="src.pages.contacts">
        <metrics statements="25" coveredstatements="17" conditionals="4" coveredconditionals="1" methods="11" coveredmethods="4"/>
        <file name="columns.ts" path="/Users/pavel/Sites/11coders/my-contacts-client/src/pages/contacts/columns.ts">
          <metrics statements="0" coveredstatements="0" conditionals="0" coveredconditionals="0" methods="0" coveredmethods="0"/>
        </file>
        <file name="contact-form.tsx" path="/Users/pavel/Sites/11coders/my-contacts-client/src/pages/contacts/contact-form.tsx">
          <metrics statements="2" coveredstatements="1" conditionals="0" coveredconditionals="0" methods="2" coveredmethods="0"/>
          <line num="8" count="2" type="stmt"/>
          <line num="12" count="0" type="stmt"/>
        </file>
        <file name="index.tsx" path="/Users/pavel/Sites/11coders/my-contacts-client/src/pages/contacts/index.tsx">
          <metrics statements="21" coveredstatements="14" conditionals="4" coveredconditionals="1" methods="8" coveredmethods="3"/>
          <line num="25" count="2" type="stmt"/>
          <line num="43" count="2" type="stmt"/>
          <line num="44" count="2" type="stmt"/>
          <line num="45" count="2" type="stmt"/>
          <line num="46" count="2" type="stmt"/>
          <line num="48" count="1" type="cond" truecount="1" falsecount="1"/>
          <line num="49" count="0" type="stmt"/>
          <line num="54" count="2" type="stmt"/>
          <line num="55" count="2" type="stmt"/>
          <line num="56" count="2" type="stmt"/>
          <line num="57" count="2" type="stmt"/>
          <line num="58" count="2" type="stmt"/>
          <line num="59" count="0" type="stmt"/>
          <line num="60" count="0" type="stmt"/>
          <line num="62" count="2" type="stmt"/>
          <line num="63" count="6" type="stmt"/>
          <line num="64" count="0" type="stmt"/>
          <line num="65" count="0" type="cond" truecount="0" falsecount="2"/>
          <line num="66" count="0" type="stmt"/>
          <line num="67" count="0" type="stmt"/>
          <line num="70" count="2" type="stmt"/>
        </file>
        <file name="styles.ts" path="/Users/pavel/Sites/11coders/my-contacts-client/src/pages/contacts/styles.ts">
          <metrics statements="2" coveredstatements="2" conditionals="0" coveredconditionals="0" methods="1" coveredmethods="1"/>
          <line num="3" count="2" type="stmt"/>
          <line num="4" count="1" type="stmt"/>
        </file>
      </package>
      <package name="src.pages.contacts.modals">
        <metrics statements="19" coveredstatements="13" conditionals="0" coveredconditionals="0" methods="13" coveredmethods="4"/>
        <file name="contact-add.tsx" path="/Users/pavel/Sites/11coders/my-contacts-client/src/pages/contacts/modals/contact-add.tsx">
          <metrics statements="6" coveredstatements="4" conditionals="0" coveredconditionals="0" methods="5" coveredmethods="1"/>
          <line num="23" count="2" type="stmt"/>
          <line num="24" count="2" type="stmt"/>
          <line num="25" count="0" type="stmt"/>
          <line num="26" count="2" type="stmt"/>
          <line num="27" count="2" type="stmt"/>
          <line num="45" count="0" type="stmt"/>
        </file>
        <file name="contact-delete.tsx" path="/Users/pavel/Sites/11coders/my-contacts-client/src/pages/contacts/modals/contact-delete.tsx">
          <metrics statements="5" coveredstatements="3" conditionals="0" coveredconditionals="0" methods="2" coveredmethods="1"/>
          <line num="16" count="2" type="stmt"/>
          <line num="22" count="2" type="stmt"/>
          <line num="23" count="0" type="stmt"/>
          <line num="24" count="0" type="stmt"/>
          <line num="26" count="2" type="stmt"/>
        </file>
        <file name="contact-edit.tsx" path="/Users/pavel/Sites/11coders/my-contacts-client/src/pages/contacts/modals/contact-edit.tsx">
          <metrics statements="6" coveredstatements="4" conditionals="0" coveredconditionals="0" methods="5" coveredmethods="1"/>
          <line num="24" count="2" type="stmt"/>
          <line num="25" count="2" type="stmt"/>
          <line num="26" count="0" type="stmt"/>
          <line num="27" count="2" type="stmt"/>
          <line num="28" count="2" type="stmt"/>
          <line num="48" count="0" type="stmt"/>
        </file>
        <file name="contact-show.tsx" path="/Users/pavel/Sites/11coders/my-contacts-client/src/pages/contacts/modals/contact-show.tsx">
          <metrics statements="2" coveredstatements="2" conditionals="0" coveredconditionals="0" methods="1" coveredmethods="1"/>
          <line num="15" count="2" type="stmt"/>
          <line num="16" count="2" type="stmt"/>
        </file>
      </package>
      <package name="src.pages.home">
        <metrics statements="4" coveredstatements="4" conditionals="0" coveredconditionals="0" methods="1" coveredmethods="1"/>
        <file name="index.tsx" path="/Users/pavel/Sites/11coders/my-contacts-client/src/pages/home/index.tsx">
          <metrics statements="4" coveredstatements="4" conditionals="0" coveredconditionals="0" methods="1" coveredmethods="1"/>
          <line num="13" count="1" type="stmt"/>
          <line num="17" count="1" type="stmt"/>
          <line num="21" count="1" type="stmt"/>
          <line num="22" count="1" type="stmt"/>
        </file>
      </package>
      <package name="src.pages.login">
        <metrics statements="17" coveredstatements="17" conditionals="4" coveredconditionals="4" methods="9" coveredmethods="9"/>
        <file name="index.tsx" path="/Users/pavel/Sites/11coders/my-contacts-client/src/pages/login/index.tsx">
          <metrics statements="13" coveredstatements="13" conditionals="4" coveredconditionals="4" methods="6" coveredmethods="6"/>
          <line num="22" count="2" type="stmt"/>
          <line num="23" count="12" type="stmt"/>
          <line num="24" count="12" type="cond" truecount="2" falsecount="0"/>
          <line num="25" count="7" type="stmt"/>
          <line num="27" count="12" type="cond" truecount="2" falsecount="0"/>
          <line num="28" count="8" type="stmt"/>
          <line num="30" count="12" type="stmt"/>
          <line num="37" count="2" type="stmt"/>
          <line num="38" count="4" type="stmt"/>
          <line num="39" count="1" type="stmt"/>
          <line num="40" count="1" type="stmt"/>
          <line num="42" count="2" type="stmt"/>
          <line num="69" count="4" type="stmt"/>
        </file>
        <file name="login-form.tsx" path="/Users/pavel/Sites/11coders/my-contacts-client/src/pages/login/login-form.tsx">
          <metrics statements="2" coveredstatements="2" conditionals="0" coveredconditionals="0" methods="2" coveredmethods="2"/>
          <line num="8" count="4" type="stmt"/>
          <line num="17" count="8" type="stmt"/>
        </file>
        <file name="styles.ts" path="/Users/pavel/Sites/11coders/my-contacts-client/src/pages/login/styles.ts">
          <metrics statements="2" coveredstatements="2" conditionals="0" coveredconditionals="0" methods="1" coveredmethods="1"/>
          <line num="3" count="2" type="stmt"/>
          <line num="4" count="2" type="stmt"/>
        </file>
      </package>
      <package name="src.pages.not-found">
        <metrics statements="2" coveredstatements="2" conditionals="0" coveredconditionals="0" methods="1" coveredmethods="1"/>
        <file name="index.tsx" path="/Users/pavel/Sites/11coders/my-contacts-client/src/pages/not-found/index.tsx">
          <metrics statements="2" coveredstatements="2" conditionals="0" coveredconditionals="0" methods="1" coveredmethods="1"/>
          <line num="4" count="2" type="stmt"/>
          <line num="5" count="1" type="stmt"/>
        </file>
      </package>
      <package name="src.pages.signup">
        <metrics statements="10" coveredstatements="10" conditionals="0" coveredconditionals="0" methods="8" coveredmethods="8"/>
        <file name="index.tsx" path="/Users/pavel/Sites/11coders/my-contacts-client/src/pages/signup/index.tsx">
          <metrics statements="6" coveredstatements="6" conditionals="0" coveredconditionals="0" methods="5" coveredmethods="5"/>
          <line num="17" count="2" type="stmt"/>
          <line num="18" count="2" type="stmt"/>
          <line num="19" count="1" type="stmt"/>
          <line num="20" count="1" type="stmt"/>
          <line num="22" count="1" type="stmt"/>
          <line num="42" count="2" type="stmt"/>
        </file>
        <file name="signup-form.tsx" path="/Users/pavel/Sites/11coders/my-contacts-client/src/pages/signup/signup-form.tsx">
          <metrics statements="2" coveredstatements="2" conditionals="0" coveredconditionals="0" methods="2" coveredmethods="2"/>
          <line num="8" count="2" type="stmt"/>
          <line num="15" count="7" type="stmt"/>
        </file>
        <file name="styles.ts" path="/Users/pavel/Sites/11coders/my-contacts-client/src/pages/signup/styles.ts">
          <metrics statements="2" coveredstatements="2" conditionals="0" coveredconditionals="0" methods="1" coveredmethods="1"/>
          <line num="3" count="2" type="stmt"/>
          <line num="4" count="1" type="stmt"/>
        </file>
      </package>
      <package name="src.redux">
        <metrics statements="7" coveredstatements="7" conditionals="2" coveredconditionals="2" methods="1" coveredmethods="1"/>
        <file name="configureStore.ts" path="/Users/pavel/Sites/11coders/my-contacts-client/src/redux/configureStore.ts">
          <metrics statements="7" coveredstatements="7" conditionals="2" coveredconditionals="2" methods="1" coveredmethods="1"/>
          <line num="8" count="10" type="cond" truecount="2" falsecount="0"/>
          <line num="10" count="10" type="stmt"/>
          <line num="12" count="10" type="stmt"/>
          <line num="15" count="10" type="stmt"/>
          <line num="19" count="10" type="stmt"/>
          <line num="26" count="10" type="stmt"/>
          <line num="28" count="10" type="stmt"/>
        </file>
      </package>
      <package name="src.redux.actions">
        <metrics statements="54" coveredstatements="52" conditionals="7" coveredconditionals="1" methods="24" coveredmethods="9"/>
        <file name="contacts.ts" path="/Users/pavel/Sites/11coders/my-contacts-client/src/redux/actions/contacts.ts">
          <metrics statements="28" coveredstatements="28" conditionals="3" coveredconditionals="1" methods="13" coveredmethods="3"/>
          <line num="1" count="10" type="stmt"/>
          <line num="2" count="10" type="cond" truecount="1" falsecount="0"/>
          <line num="9" count="10" type="stmt"/>
          <line num="10" count="10" type="cond" truecount="0" falsecount="2"/>
          <line num="18" count="10" type="stmt"/>
          <line num="19" count="10" type="stmt"/>
          <line num="23" count="10" type="stmt"/>
          <line num="24" count="10" type="stmt"/>
          <line num="29" count="10" type="stmt"/>
          <line num="30" count="10" type="stmt"/>
          <line num="35" count="10" type="stmt"/>
          <line num="36" count="10" type="stmt"/>
          <line num="41" count="10" type="stmt"/>
          <line num="42" count="10" type="stmt"/>
          <line num="47" count="10" type="stmt"/>
          <line num="49" count="10" type="stmt"/>
          <line num="50" count="10" type="stmt"/>
          <line num="55" count="10" type="stmt"/>
          <line num="56" count="10" type="stmt"/>
          <line num="61" count="10" type="stmt"/>
          <line num="62" count="10" type="stmt"/>
          <line num="63" count="10" type="stmt"/>
          <line num="68" count="10" type="stmt"/>
          <line num="69" count="10" type="stmt"/>
          <line num="74" count="10" type="stmt"/>
          <line num="75" count="10" type="stmt"/>
          <line num="80" count="10" type="stmt"/>
          <line num="81" count="10" type="stmt"/>
        </file>
        <file name="errors.ts" path="/Users/pavel/Sites/11coders/my-contacts-client/src/redux/actions/errors.ts">
          <metrics statements="6" coveredstatements="4" conditionals="4" coveredconditionals="0" methods="2" coveredmethods="0"/>
          <line num="1" count="10" type="stmt"/>
          <line num="2" count="10" type="stmt"/>
          <line num="3" count="0" type="stmt"/>
          <line num="4" count="0" type="cond" truecount="0" falsecount="2"/>
          <line num="19" count="10" type="stmt"/>
          <line num="20" count="10" type="stmt"/>
        </file>
        <file name="session.ts" path="/Users/pavel/Sites/11coders/my-contacts-client/src/redux/actions/session.ts">
          <metrics statements="8" coveredstatements="8" conditionals="0" coveredconditionals="0" methods="4" coveredmethods="3"/>
          <line num="3" count="10" type="stmt"/>
          <line num="4" count="10" type="stmt"/>
          <line num="9" count="10" type="stmt"/>
          <line num="10" count="10" type="stmt"/>
          <line num="15" count="10" type="stmt"/>
          <line num="16" count="10" type="stmt"/>
          <line num="21" count="10" type="stmt"/>
          <line num="22" count="10" type="stmt"/>
        </file>
        <file name="user.ts" path="/Users/pavel/Sites/11coders/my-contacts-client/src/redux/actions/user.ts">
          <metrics statements="12" coveredstatements="12" conditionals="0" coveredconditionals="0" methods="5" coveredmethods="3"/>
          <line num="1" count="10" type="stmt"/>
          <line num="2" count="10" type="stmt"/>
          <line num="7" count="10" type="stmt"/>
          <line num="9" count="10" type="stmt"/>
          <line num="10" count="10" type="stmt"/>
          <line num="15" count="10" type="stmt"/>
          <line num="16" count="10" type="stmt"/>
          <line num="20" count="10" type="stmt"/>
          <line num="21" count="10" type="stmt"/>
          <line num="26" count="10" type="stmt"/>
          <line num="27" count="10" type="stmt"/>
          <line num="32" count="10" type="stmt"/>
        </file>
      </package>
      <package name="src.redux.epics">
        <metrics statements="47" coveredstatements="34" conditionals="0" coveredconditionals="0" methods="33" coveredmethods="20"/>
        <file name="contacts.ts" path="/Users/pavel/Sites/11coders/my-contacts-client/src/redux/epics/contacts.ts">
          <metrics statements="21" coveredstatements="11" conditionals="0" coveredconditionals="0" methods="17" coveredmethods="7"/>
          <line num="33" count="10" type="stmt"/>
          <line num="38" count="11" type="stmt"/>
          <line num="46" count="2" type="stmt"/>
          <line num="49" count="1" type="stmt"/>
          <line num="61" count="1" type="stmt"/>
          <line num="62" count="0" type="stmt"/>
          <line num="67" count="10" type="stmt"/>
          <line num="72" count="10" type="stmt"/>
          <line num="76" count="0" type="stmt"/>
          <line num="87" count="0" type="stmt"/>
          <line num="88" count="0" type="stmt"/>
          <line num="93" count="10" type="stmt"/>
          <line num="98" count="10" type="stmt"/>
          <line num="102" count="0" type="stmt"/>
          <line num="112" count="0" type="stmt"/>
          <line num="113" count="0" type="stmt"/>
          <line num="118" count="10" type="stmt"/>
          <line num="123" count="10" type="stmt"/>
          <line num="127" count="0" type="stmt"/>
          <line num="137" count="0" type="stmt"/>
          <line num="138" count="0" type="stmt"/>
        </file>
        <file name="index.ts" path="/Users/pavel/Sites/11coders/my-contacts-client/src/redux/epics/index.ts">
          <metrics statements="1" coveredstatements="1" conditionals="0" coveredconditionals="0" methods="0" coveredmethods="0"/>
          <line num="6" count="10" type="stmt"/>
        </file>
        <file name="session.ts" path="/Users/pavel/Sites/11coders/my-contacts-client/src/redux/epics/session.ts">
          <metrics statements="15" coveredstatements="14" conditionals="0" coveredconditionals="0" methods="8" coveredmethods="7"/>
          <line num="16" count="10" type="stmt"/>
          <line num="21" count="11" type="stmt"/>
          <line num="24" count="3" type="stmt"/>
          <line num="35" count="3" type="stmt"/>
          <line num="36" count="0" type="stmt"/>
          <line num="41" count="10" type="stmt"/>
          <line num="46" count="11" type="stmt"/>
          <line num="50" count="4" type="stmt"/>
          <line num="51" count="4" type="stmt"/>
          <line num="52" count="3" type="stmt"/>
          <line num="56" count="10" type="stmt"/>
          <line num="61" count="11" type="stmt"/>
          <line num="64" count="1" type="stmt"/>
          <line num="65" count="1" type="stmt"/>
          <line num="66" count="1" type="stmt"/>
        </file>
        <file name="user.ts" path="/Users/pavel/Sites/11coders/my-contacts-client/src/redux/epics/user.ts">
          <metrics statements="10" coveredstatements="8" conditionals="0" coveredconditionals="0" methods="8" coveredmethods="6"/>
          <line num="14" count="10" type="stmt"/>
          <line num="15" count="10" type="stmt"/>
          <line num="18" count="2" type="stmt"/>
          <line num="25" count="2" type="stmt"/>
          <line num="26" count="0" type="stmt"/>
          <line num="31" count="10" type="stmt"/>
          <line num="32" count="10" type="stmt"/>
          <line num="35" count="1" type="stmt"/>
          <line num="46" count="1" type="stmt"/>
          <line num="47" count="0" type="stmt"/>
        </file>
      </package>
      <package name="src.redux.reducers">
        <metrics statements="38" coveredstatements="29" conditionals="0" coveredconditionals="0" methods="18" coveredmethods="5"/>
        <file name="contacts.ts" path="/Users/pavel/Sites/11coders/my-contacts-client/src/redux/reducers/contacts.ts">
          <metrics statements="22" coveredstatements="13" conditionals="0" coveredconditionals="0" methods="10" coveredmethods="1"/>
          <line num="22" count="10" type="stmt"/>
          <line num="32" count="10" type="stmt"/>
          <line num="33" count="0" type="stmt"/>
          <line num="34" count="10" type="stmt"/>
          <line num="35" count="10" type="stmt"/>
          <line num="36" count="10" type="stmt"/>
          <line num="37" count="0" type="stmt"/>
          <line num="45" count="10" type="stmt"/>
          <line num="46" count="0" type="stmt"/>
          <line num="55" count="10" type="stmt"/>
          <line num="56" count="0" type="stmt"/>
          <line num="65" count="10" type="stmt"/>
          <line num="66" count="1" type="stmt"/>
          <line num="72" count="10" type="stmt"/>
          <line num="73" count="0" type="stmt"/>
          <line num="74" count="0" type="stmt"/>
          <line num="77" count="10" type="stmt"/>
          <line num="78" count="0" type="stmt"/>
          <line num="81" count="10" type="stmt"/>
          <line num="82" count="0" type="stmt"/>
          <line num="83" count="0" type="stmt"/>
          <line num="86" count="10" type="stmt"/>
        </file>
        <file name="errors.ts" path="/Users/pavel/Sites/11coders/my-contacts-client/src/redux/reducers/errors.ts">
          <metrics statements="4" coveredstatements="4" conditionals="0" coveredconditionals="0" methods="2" coveredmethods="0"/>
          <line num="4" count="10" type="stmt"/>
          <line num="10" count="10" type="stmt"/>
          <line num="12" count="10" type="stmt"/>
          <line num="14" count="10" type="stmt"/>
        </file>
        <file name="index.ts" path="/Users/pavel/Sites/11coders/my-contacts-client/src/redux/reducers/index.ts">
          <metrics statements="0" coveredstatements="0" conditionals="0" coveredconditionals="0" methods="0" coveredmethods="0"/>
        </file>
        <file name="session.ts" path="/Users/pavel/Sites/11coders/my-contacts-client/src/redux/reducers/session.ts">
          <metrics statements="7" coveredstatements="7" conditionals="0" coveredconditionals="0" methods="3" coveredmethods="2"/>
          <line num="19" count="10" type="stmt"/>
          <line num="24" count="10" type="stmt"/>
          <line num="25" count="3" type="stmt"/>
          <line num="26" count="3" type="stmt"/>
          <line num="32" count="10" type="stmt"/>
          <line num="34" count="10" type="stmt"/>
          <line num="36" count="10" type="stmt"/>
        </file>
        <file name="user.ts" path="/Users/pavel/Sites/11coders/my-contacts-client/src/redux/reducers/user.ts">
          <metrics statements="5" coveredstatements="5" conditionals="0" coveredconditionals="0" methods="3" coveredmethods="2"/>
          <line num="4" count="10" type="stmt"/>
          <line num="10" count="10" type="stmt"/>
          <line num="12" count="10" type="stmt"/>
          <line num="14" count="10" type="stmt"/>
          <line num="16" count="10" type="stmt"/>
        </file>
      </package>
      <package name="src.selectors">
        <metrics statements="3" coveredstatements="3" conditionals="0" coveredconditionals="0" methods="3" coveredmethods="3"/>
        <file name="index.ts" path="/Users/pavel/Sites/11coders/my-contacts-client/src/selectors/index.ts">
          <metrics statements="3" coveredstatements="3" conditionals="0" coveredconditionals="0" methods="3" coveredmethods="3"/>
          <line num="1" count="10" type="stmt"/>
          <line num="2" count="10" type="stmt"/>
          <line num="3" count="10" type="stmt"/>
        </file>
      </package>
      <package name="src.themes">
        <metrics statements="1" coveredstatements="1" conditionals="0" coveredconditionals="0" methods="0" coveredmethods="0"/>
        <file name="default.ts" path="/Users/pavel/Sites/11coders/my-contacts-client/src/themes/default.ts">
          <metrics statements="1" coveredstatements="1" conditionals="0" coveredconditionals="0" methods="0" coveredmethods="0"/>
          <line num="5" count="1" type="stmt"/>
        </file>
      </package>
      <package name="src.utils">
        <metrics statements="77" coveredstatements="38" conditionals="37" coveredconditionals="8" methods="23" coveredmethods="15"/>
        <file name="api-client.ts" path="/Users/pavel/Sites/11coders/my-contacts-client/src/utils/api-client.ts">
          <metrics statements="35" coveredstatements="0" conditionals="28" coveredconditionals="0" methods="5" coveredmethods="0"/>
          <line num="1" count="0" type="stmt"/>
          <line num="2" count="0" type="stmt"/>
          <line num="3" count="0" type="stmt"/>
          <line num="4" count="0" type="stmt"/>
          <line num="10" count="0" type="stmt"/>
          <line num="11" count="0" type="stmt"/>
          <line num="28" count="0" type="stmt"/>
          <line num="29" count="0" type="cond" truecount="0" falsecount="5"/>
          <line num="30" count="0" type="stmt"/>
          <line num="33" count="0" type="stmt"/>
          <line num="34" count="0" type="cond" truecount="0" falsecount="2"/>
          <line num="35" count="0" type="stmt"/>
          <line num="40" count="0" type="stmt"/>
          <line num="41" count="0" type="stmt"/>
          <line num="43" count="0" type="stmt"/>
          <line num="44" count="0" type="stmt"/>
          <line num="45" count="0" type="stmt"/>
          <line num="46" count="0" type="cond" truecount="0" falsecount="2"/>
          <line num="47" count="0" type="stmt"/>
          <line num="48" count="0" type="cond" truecount="0" falsecount="4"/>
          <line num="49" count="0" type="stmt"/>
          <line num="50" count="0" type="stmt"/>
          <line num="54" count="0" type="stmt"/>
          <line num="55" count="0" type="cond" truecount="0" falsecount="2"/>
          <line num="56" count="0" type="stmt"/>
          <line num="57" count="0" type="cond" truecount="0" falsecount="4"/>
          <line num="58" count="0" type="stmt"/>
          <line num="61" count="0" type="stmt"/>
          <line num="62" count="0" type="stmt"/>
          <line num="65" count="0" type="stmt"/>
          <line num="66" count="0" type="stmt"/>
          <line num="69" count="0" type="stmt"/>
          <line num="82" count="0" type="cond" truecount="0" falsecount="2"/>
          <line num="86" count="0" type="stmt"/>
          <line num="90" count="0" type="stmt"/>
        </file>
        <file name="app-context.tsx" path="/Users/pavel/Sites/11coders/my-contacts-client/src/utils/app-context.tsx">
          <metrics statements="5" coveredstatements="2" conditionals="0" coveredconditionals="0" methods="3" coveredmethods="0"/>
          <line num="7" count="1" type="stmt"/>
          <line num="11" count="1" type="stmt"/>
          <line num="14" count="0" type="stmt"/>
          <line num="15" count="0" type="stmt"/>
          <line num="17" count="0" type="stmt"/>
        </file>
        <file name="compose.ts" path="/Users/pavel/Sites/11coders/my-contacts-client/src/utils/compose.ts">
          <metrics statements="2" coveredstatements="2" conditionals="0" coveredconditionals="0" methods="4" coveredmethods="4"/>
          <line num="1" count="5" type="stmt"/>
          <line num="2" count="14" type="stmt"/>
        </file>
        <file name="create-reducer.ts" path="/Users/pavel/Sites/11coders/my-contacts-client/src/utils/create-reducer.ts">
          <metrics statements="2" coveredstatements="2" conditionals="3" coveredconditionals="3" methods="2" coveredmethods="2"/>
          <line num="3" count="40" type="stmt"/>
          <line num="6" count="164" type="cond" truecount="2" falsecount="0"/>
        </file>
        <file name="manage-cookies.ts" path="/Users/pavel/Sites/11coders/my-contacts-client/src/utils/manage-cookies.ts">
          <metrics statements="15" coveredstatements="14" conditionals="4" coveredconditionals="4" methods="3" coveredmethods="3"/>
          <line num="6" count="7" type="stmt"/>
          <line num="7" count="7" type="cond" truecount="2" falsecount="0"/>
          <line num="8" count="2" type="stmt"/>
          <line num="9" count="2" type="stmt"/>
          <line num="11" count="7" type="stmt"/>
          <line num="12" count="7" type="stmt"/>
          <line num="16" count="2" type="stmt"/>
          <line num="17" count="2" type="stmt"/>
          <line num="18" count="2" type="stmt"/>
          <line num="19" count="2" type="stmt"/>
          <line num="20" count="0" type="stmt"/>
          <line num="22" count="2" type="cond" truecount="2" falsecount="0"/>
          <line num="23" count="1" type="stmt"/>
          <line num="26" count="1" type="stmt"/>
          <line num="30" count="2" type="stmt"/>
        </file>
        <file name="mock-api-client.ts" path="/Users/pavel/Sites/11coders/my-contacts-client/src/utils/mock-api-client.ts">
          <metrics statements="5" coveredstatements="5" conditionals="0" coveredconditionals="0" methods="2" coveredmethods="2"/>
          <line num="1" count="9" type="stmt"/>
          <line num="36" count="9" type="stmt"/>
          <line num="43" count="6" type="stmt"/>
          <line num="46" count="9" type="stmt"/>
          <line num="47" count="5" type="stmt"/>
        </file>
        <file name="private-route.tsx" path="/Users/pavel/Sites/11coders/my-contacts-client/src/utils/private-route.tsx">
          <metrics statements="3" coveredstatements="3" conditionals="2" coveredconditionals="1" methods="1" coveredmethods="1"/>
          <line num="8" count="1" type="stmt"/>
          <line num="16" count="1" type="stmt"/>
          <line num="21" count="1" type="cond" truecount="1" falsecount="1"/>
        </file>
        <file name="render-with-redux.tsx" path="/Users/pavel/Sites/11coders/my-contacts-client/src/utils/render-with-redux.tsx">
          <metrics statements="3" coveredstatements="3" conditionals="0" coveredconditionals="0" methods="1" coveredmethods="1"/>
          <line num="8" count="8" type="stmt"/>
          <line num="10" count="8" type="stmt"/>
          <line num="11" count="8" type="stmt"/>
        </file>
        <file name="text-transform.ts" path="/Users/pavel/Sites/11coders/my-contacts-client/src/utils/text-transform.ts">
          <metrics statements="7" coveredstatements="7" conditionals="0" coveredconditionals="0" methods="2" coveredmethods="2"/>
          <line num="1" count="5" type="stmt"/>
          <line num="2" count="4" type="stmt"/>
          <line num="3" count="4" type="stmt"/>
          <line num="4" count="4" type="stmt"/>
          <line num="7" count="5" type="stmt"/>
          <line num="8" count="1" type="stmt"/>
          <line num="9" count="1" type="stmt"/>
        </file>
      </package>
    </metrics>
  </project>
</coverage>
