{"/Users/pavel/Sites/11coders/my-contacts-client/src/app.tsx": {"path":"/Users/pavel/Sites/11coders/my-contacts-client/src/app.tsx","statementMap":{"0":{"start":{"line":8,"column":12},"end":{"line":17,"column":1}},"1":{"start":{"line":9,"column":2},"end":{"line":16,"column":24}}},"fnMap":{"0":{"name":"(anonymous_0)","decl":{"start":{"line":8,"column":12},"end":{"line":8,"column":13}},"loc":{"start":{"line":9,"column":2},"end":{"line":16,"column":24}},"line":9}},"branchMap":{},"s":{"0":1,"1":1},"f":{"0":1},"b":{},"_coverageSchema":"332fd63041d2c1bcb487cc26dd0d5f7d97098a6c","hash":"5cedea4d538c35fcf152859bb5fa55be7b4fd010"}
,"/Users/pavel/Sites/11coders/my-contacts-client/src/index.tsx": {"path":"/Users/pavel/Sites/11coders/my-contacts-client/src/index.tsx","statementMap":{"0":{"start":{"line":1,"column":0},"end":{"line":null,"column":-1}},"1":{"start":{"line":2,"column":0},"end":{"line":null,"column":-1}},"2":{"start":{"line":3,"column":0},"end":{"line":null,"column":-1}},"3":{"start":{"line":4,"column":0},"end":{"line":null,"column":-1}},"4":{"start":{"line":5,"column":0},"end":{"line":null,"column":-1}},"5":{"start":{"line":6,"column":0},"end":{"line":null,"column":-1}},"6":{"start":{"line":7,"column":0},"end":{"line":null,"column":-1}},"7":{"start":{"line":8,"column":0},"end":{"line":null,"column":-1}},"8":{"start":{"line":9,"column":0},"end":{"line":null,"column":-1}},"9":{"start":{"line":11,"column":14},"end":{"line":11,"column":0}},"10":{"start":{"line":14,"column":18},"end":{"line":14,"column":0}},"11":{"start":{"line":15,"column":14},"end":{"line":15,"column":0}},"12":{"start":{"line":17,"column":0},"end":{"line":21,"column":1}},"13":{"start":{"line":18,"column":2},"end":{"line":null,"column":-1}},"14":{"start":{"line":20,"column":2},"end":{"line":null,"column":-1}},"15":{"start":{"line":23,"column":0},"end":{"line":null,"column":-1}},"16":{"start":{"line":30,"column":0},"end":{"line":34,"column":1}},"17":{"start":{"line":31,"column":2},"end":{"line":null,"column":-1}},"18":{"start":{"line":32,"column":4},"end":{"line":null,"column":-1}}},"fnMap":{"0":{"name":"(anonymous_0)","decl":{"start":{"line":31,"column":37},"end":{"line":31,"column":48}},"loc":{"start":{"line":31,"column":53},"end":{"line":31,"column":2}}}},"branchMap":{"0":{"loc":{"start":{"line":11,"column":14},"end":{"line":11,"column":46}},"type":"binary-expr","locations":[{"start":{"line":11,"column":14},"end":{"line":11,"column":46}},{"start":{"line":11,"column":47},"end":{"line":11,"column":0}}]},"1":{"loc":{"start":{"line":17,"column":0},"end":{"line":21,"column":1}},"type":"if","locations":[{"start":{"line":17,"column":0},"end":{"line":21,"column":1}},{"start":{"line":17,"column":0},"end":{"line":21,"column":1}}]},"2":{"loc":{"start":{"line":30,"column":0},"end":{"line":34,"column":1}},"type":"if","locations":[{"start":{"line":30,"column":0},"end":{"line":34,"column":1}},{"start":{"line":30,"column":0},"end":{"line":34,"column":1}}]}},"s":{"0":0,"1":0,"2":0,"3":0,"4":0,"5":0,"6":0,"7":0,"8":0,"9":0,"10":0,"11":0,"12":0,"13":0,"14":0,"15":0,"16":0,"17":0,"18":0},"f":{"0":0},"b":{"0":[0,0],"1":[0,0],"2":[0,0]}}
,"/Users/pavel/Sites/11coders/my-contacts-client/src/routes.tsx": {"path":"/Users/pavel/Sites/11coders/my-contacts-client/src/routes.tsx","statementMap":{"0":{"start":{"line":10,"column":15},"end":{"line":19,"column":1}},"1":{"start":{"line":11,"column":2},"end":{"line":18,"column":15}}},"fnMap":{"0":{"name":"(anonymous_0)","decl":{"start":{"line":10,"column":15},"end":{"line":10,"column":16}},"loc":{"start":{"line":11,"column":2},"end":{"line":18,"column":15}},"line":11}},"branchMap":{},"s":{"0":1,"1":1},"f":{"0":1},"b":{},"_coverageSchema":"332fd63041d2c1bcb487cc26dd0d5f7d97098a6c","hash":"3f893d36a43b95ded1204105175b60b7b8f65839"}
,"/Users/pavel/Sites/11coders/my-contacts-client/src/components/table/index.tsx": {"path":"/Users/pavel/Sites/11coders/my-contacts-client/src/components/table/index.tsx","statementMap":{"0":{"start":{"line":18,"column":15},"end":{"line":30,"column":4}},"1":{"start":{"line":19,"column":2},"end":{"line":30,"column":4}},"2":{"start":{"line":40,"column":24},"end":{"line":40,"column":34}},"3":{"start":{"line":41,"column":41},"end":{"line":41,"column":51}},"4":{"start":{"line":51,"column":8},"end":{"line":51,"column":18}},"5":{"start":{"line":53,"column":6},"end":{"line":53,"column":69}},"6":{"start":{"line":54,"column":4},"end":{"line":149,"column":5}},"7":{"start":{"line":75,"column":35},"end":{"line":75,"column":56}},"8":{"start":{"line":76,"column":16},"end":{"line":123,"column":17}},"9":{"start":{"line":96,"column":22},"end":{"line":102,"column":34}},"10":{"start":{"line":153,"column":20},"end":{"line":153,"column":28}},"11":{"start":{"line":154,"column":32},"end":{"line":154,"column":38}},"12":{"start":{"line":156,"column":4},"end":{"line":158,"column":5}},"13":{"start":{"line":157,"column":6},"end":{"line":157,"column":19}},"14":{"start":{"line":160,"column":4},"end":{"line":160,"column":37}},"15":{"start":{"line":161,"column":4},"end":{"line":161,"column":44}},"16":{"start":{"line":165,"column":4},"end":{"line":170,"column":5}},"17":{"start":{"line":166,"column":6},"end":{"line":168,"column":8}},"18":{"start":{"line":167,"column":50},"end":{"line":167,"column":54}},"19":{"start":{"line":169,"column":6},"end":{"line":169,"column":12}},"20":{"start":{"line":171,"column":4},"end":{"line":171,"column":35}},"21":{"start":{"line":174,"column":41},"end":{"line":194,"column":3}},"22":{"start":{"line":175,"column":4},"end":{"line":175,"column":23}},"23":{"start":{"line":176,"column":25},"end":{"line":176,"column":35}},"24":{"start":{"line":177,"column":26},"end":{"line":177,"column":46}},"25":{"start":{"line":178,"column":29},"end":{"line":178,"column":31}},"26":{"start":{"line":180,"column":4},"end":{"line":191,"column":5}},"27":{"start":{"line":181,"column":6},"end":{"line":181,"column":52}},"28":{"start":{"line":182,"column":11},"end":{"line":191,"column":5}},"29":{"start":{"line":183,"column":6},"end":{"line":183,"column":57}},"30":{"start":{"line":184,"column":11},"end":{"line":191,"column":5}},"31":{"start":{"line":185,"column":6},"end":{"line":185,"column":61}},"32":{"start":{"line":186,"column":11},"end":{"line":191,"column":5}},"33":{"start":{"line":187,"column":6},"end":{"line":190,"column":7}},"34":{"start":{"line":193,"column":4},"end":{"line":193,"column":44}},"35":{"start":{"line":197,"column":4},"end":{"line":197,"column":37}},"36":{"start":{"line":202,"column":4},"end":{"line":202,"column":54}},"37":{"start":{"line":206,"column":39},"end":{"line":206,"column":77}},"38":{"start":{"line":208,"column":47},"end":{"line":213,"column":3}},"39":{"start":{"line":209,"column":4},"end":{"line":209,"column":23}},"40":{"start":{"line":210,"column":4},"end":{"line":212,"column":5}},"41":{"start":{"line":211,"column":6},"end":{"line":211,"column":34}},"42":{"start":{"line":215,"column":49},"end":{"line":220,"column":3}},"43":{"start":{"line":216,"column":4},"end":{"line":216,"column":23}},"44":{"start":{"line":217,"column":4},"end":{"line":219,"column":5}},"45":{"start":{"line":218,"column":6},"end":{"line":218,"column":36}},"46":{"start":{"line":222,"column":47},"end":{"line":227,"column":3}},"47":{"start":{"line":223,"column":4},"end":{"line":223,"column":23}},"48":{"start":{"line":224,"column":4},"end":{"line":226,"column":5}},"49":{"start":{"line":225,"column":6},"end":{"line":225,"column":34}}},"fnMap":{"0":{"name":"(anonymous_0)","decl":{"start":{"line":18,"column":15},"end":{"line":18,"column":16}},"loc":{"start":{"line":19,"column":2},"end":{"line":30,"column":4}},"line":19},"1":{"name":"(anonymous_1)","decl":{"start":{"line":39,"column":2},"end":{"line":39,"column":3}},"loc":{"start":{"line":39,"column":18},"end":{"line":150,"column":3}},"line":39},"2":{"name":"(anonymous_2)","decl":{"start":{"line":74,"column":24},"end":{"line":74,"column":25}},"loc":{"start":{"line":74,"column":29},"end":{"line":124,"column":15}},"line":74},"3":{"name":"(anonymous_3)","decl":{"start":{"line":95,"column":33},"end":{"line":95,"column":34}},"loc":{"start":{"line":96,"column":22},"end":{"line":102,"column":34}},"line":96},"4":{"name":"(anonymous_4)","decl":{"start":{"line":152,"column":30},"end":{"line":152,"column":31}},"loc":{"start":{"line":152,"column":64},"end":{"line":162,"column":3}},"line":152},"5":{"name":"(anonymous_5)","decl":{"start":{"line":164,"column":33},"end":{"line":164,"column":34}},"loc":{"start":{"line":164,"column":49},"end":{"line":172,"column":3}},"line":164},"6":{"name":"(anonymous_6)","decl":{"start":{"line":167,"column":38},"end":{"line":167,"column":39}},"loc":{"start":{"line":167,"column":50},"end":{"line":167,"column":54}},"line":167},"7":{"name":"(anonymous_7)","decl":{"start":{"line":174,"column":25},"end":{"line":174,"column":26}},"loc":{"start":{"line":174,"column":41},"end":{"line":194,"column":3}},"line":174},"8":{"name":"(anonymous_8)","decl":{"start":{"line":174,"column":41},"end":{"line":174,"column":42}},"loc":{"start":{"line":174,"column":53},"end":{"line":194,"column":3}},"line":174},"9":{"name":"(anonymous_9)","decl":{"start":{"line":196,"column":29},"end":{"line":196,"column":30}},"loc":{"start":{"line":196,"column":59},"end":{"line":199,"column":3}},"line":196},"10":{"name":"(anonymous_10)","decl":{"start":{"line":201,"column":36},"end":{"line":201,"column":37}},"loc":{"start":{"line":201,"column":52},"end":{"line":204,"column":3}},"line":201},"11":{"name":"(anonymous_11)","decl":{"start":{"line":206,"column":23},"end":{"line":206,"column":24}},"loc":{"start":{"line":206,"column":39},"end":{"line":206,"column":77}},"line":206},"12":{"name":"(anonymous_12)","decl":{"start":{"line":208,"column":31},"end":{"line":208,"column":32}},"loc":{"start":{"line":208,"column":47},"end":{"line":213,"column":3}},"line":208},"13":{"name":"(anonymous_13)","decl":{"start":{"line":208,"column":47},"end":{"line":208,"column":48}},"loc":{"start":{"line":208,"column":59},"end":{"line":213,"column":3}},"line":208},"14":{"name":"(anonymous_14)","decl":{"start":{"line":215,"column":33},"end":{"line":215,"column":34}},"loc":{"start":{"line":215,"column":49},"end":{"line":220,"column":3}},"line":215},"15":{"name":"(anonymous_15)","decl":{"start":{"line":215,"column":49},"end":{"line":215,"column":50}},"loc":{"start":{"line":215,"column":61},"end":{"line":220,"column":3}},"line":215},"16":{"name":"(anonymous_16)","decl":{"start":{"line":222,"column":31},"end":{"line":222,"column":32}},"loc":{"start":{"line":222,"column":47},"end":{"line":227,"column":3}},"line":222},"17":{"name":"(anonymous_17)","decl":{"start":{"line":222,"column":47},"end":{"line":222,"column":48}},"loc":{"start":{"line":222,"column":59},"end":{"line":227,"column":3}},"line":222}},"branchMap":{"0":{"loc":{"start":{"line":98,"column":35},"end":{"line":98,"column":69}},"type":"cond-expr","locations":[{"start":{"line":98,"column":58},"end":{"line":98,"column":62}},{"start":{"line":98,"column":65},"end":{"line":98,"column":69}}],"line":98},"1":{"loc":{"start":{"line":99,"column":33},"end":{"line":99,"column":74}},"type":"cond-expr","locations":[{"start":{"line":99,"column":56},"end":{"line":99,"column":62}},{"start":{"line":99,"column":65},"end":{"line":99,"column":74}}],"line":99},"2":{"loc":{"start":{"line":156,"column":4},"end":{"line":158,"column":5}},"type":"if","locations":[{"start":{"line":156,"column":4},"end":{"line":158,"column":5}},{"start":{"line":156,"column":4},"end":{"line":158,"column":5}}],"line":156},"3":{"loc":{"start":{"line":156,"column":8},"end":{"line":156,"column":70}},"type":"binary-expr","locations":[{"start":{"line":156,"column":8},"end":{"line":156,"column":39}},{"start":{"line":156,"column":43},"end":{"line":156,"column":70}}],"line":156},"4":{"loc":{"start":{"line":165,"column":4},"end":{"line":170,"column":5}},"type":"if","locations":[{"start":{"line":165,"column":4},"end":{"line":170,"column":5}},{"start":{"line":165,"column":4},"end":{"line":170,"column":5}}],"line":165},"5":{"loc":{"start":{"line":180,"column":4},"end":{"line":191,"column":5}},"type":"if","locations":[{"start":{"line":180,"column":4},"end":{"line":191,"column":5}},{"start":{"line":180,"column":4},"end":{"line":191,"column":5}}],"line":180},"6":{"loc":{"start":{"line":182,"column":11},"end":{"line":191,"column":5}},"type":"if","locations":[{"start":{"line":182,"column":11},"end":{"line":191,"column":5}},{"start":{"line":182,"column":11},"end":{"line":191,"column":5}}],"line":182},"7":{"loc":{"start":{"line":184,"column":11},"end":{"line":191,"column":5}},"type":"if","locations":[{"start":{"line":184,"column":11},"end":{"line":191,"column":5}},{"start":{"line":184,"column":11},"end":{"line":191,"column":5}}],"line":184},"8":{"loc":{"start":{"line":186,"column":11},"end":{"line":191,"column":5}},"type":"if","locations":[{"start":{"line":186,"column":11},"end":{"line":191,"column":5}},{"start":{"line":186,"column":11},"end":{"line":191,"column":5}}],"line":186},"9":{"loc":{"start":{"line":210,"column":4},"end":{"line":212,"column":5}},"type":"if","locations":[{"start":{"line":210,"column":4},"end":{"line":212,"column":5}},{"start":{"line":210,"column":4},"end":{"line":212,"column":5}}],"line":210},"10":{"loc":{"start":{"line":217,"column":4},"end":{"line":219,"column":5}},"type":"if","locations":[{"start":{"line":217,"column":4},"end":{"line":219,"column":5}},{"start":{"line":217,"column":4},"end":{"line":219,"column":5}}],"line":217},"11":{"loc":{"start":{"line":224,"column":4},"end":{"line":226,"column":5}},"type":"if","locations":[{"start":{"line":224,"column":4},"end":{"line":226,"column":5}},{"start":{"line":224,"column":4},"end":{"line":226,"column":5}}],"line":224}},"s":{"0":2,"1":1,"2":2,"3":2,"4":2,"5":2,"6":2,"7":0,"8":0,"9":0,"10":0,"11":0,"12":0,"13":0,"14":0,"15":0,"16":0,"17":0,"18":0,"19":0,"20":0,"21":0,"22":0,"23":0,"24":0,"25":0,"26":0,"27":0,"28":0,"29":0,"30":0,"31":0,"32":0,"33":0,"34":0,"35":0,"36":0,"37":0,"38":0,"39":0,"40":0,"41":0,"42":0,"43":0,"44":0,"45":0,"46":0,"47":0,"48":0,"49":0},"f":{"0":1,"1":2,"2":0,"3":0,"4":0,"5":0,"6":0,"7":0,"8":0,"9":0,"10":0,"11":0,"12":0,"13":0,"14":0,"15":0,"16":0,"17":0},"b":{"0":[0,0],"1":[0,0],"2":[0,0],"3":[0,0],"4":[0,0],"5":[0,0],"6":[0,0],"7":[0,0],"8":[0,0],"9":[0,0],"10":[0,0],"11":[0,0]},"_coverageSchema":"332fd63041d2c1bcb487cc26dd0d5f7d97098a6c","hash":"25073284ba9715ebcbf24071f677dba7cfe91c8a"}
,"/Users/pavel/Sites/11coders/my-contacts-client/src/components/table/table-header.tsx": {"path":"/Users/pavel/Sites/11coders/my-contacts-client/src/components/table/table-header.tsx","statementMap":{"0":{"start":{"line":11,"column":21},"end":{"line":11,"column":55}},"1":{"start":{"line":11,"column":39},"end":{"line":11,"column":55}},"2":{"start":{"line":23,"column":8},"end":{"line":23,"column":18}},"3":{"start":{"line":25,"column":4},"end":{"line":62,"column":5}},"4":{"start":{"line":36,"column":12},"end":{"line":57,"column":13}},"5":{"start":{"line":64,"column":49},"end":{"line":66,"column":3}},"6":{"start":{"line":65,"column":4},"end":{"line":65,"column":45}}},"fnMap":{"0":{"name":"(anonymous_0)","decl":{"start":{"line":11,"column":21},"end":{"line":11,"column":22}},"loc":{"start":{"line":11,"column":39},"end":{"line":11,"column":55}},"line":11},"1":{"name":"(anonymous_1)","decl":{"start":{"line":14,"column":2},"end":{"line":14,"column":3}},"loc":{"start":{"line":14,"column":18},"end":{"line":63,"column":3}},"line":14},"2":{"name":"(anonymous_2)","decl":{"start":{"line":35,"column":23},"end":{"line":35,"column":24}},"loc":{"start":{"line":35,"column":30},"end":{"line":58,"column":11}},"line":35},"3":{"name":"(anonymous_3)","decl":{"start":{"line":64,"column":30},"end":{"line":64,"column":31}},"loc":{"start":{"line":64,"column":49},"end":{"line":66,"column":3}},"line":64},"4":{"name":"(anonymous_4)","decl":{"start":{"line":64,"column":49},"end":{"line":64,"column":50}},"loc":{"start":{"line":64,"column":65},"end":{"line":66,"column":3}},"line":64}},"branchMap":{"0":{"loc":{"start":{"line":30,"column":29},"end":{"line":30,"column":70}},"type":"binary-expr","locations":[{"start":{"line":30,"column":29},"end":{"line":30,"column":44}},{"start":{"line":30,"column":48},"end":{"line":30,"column":70}}],"line":30},"1":{"loc":{"start":{"line":40,"column":25},"end":{"line":40,"column":64}},"type":"cond-expr","locations":[{"start":{"line":40,"column":46},"end":{"line":40,"column":52}},{"start":{"line":40,"column":55},"end":{"line":40,"column":64}}],"line":40},"2":{"loc":{"start":{"line":41,"column":31},"end":{"line":41,"column":65}},"type":"cond-expr","locations":[{"start":{"line":41,"column":52},"end":{"line":41,"column":57}},{"start":{"line":41,"column":60},"end":{"line":41,"column":65}}],"line":41},"3":{"loc":{"start":{"line":45,"column":29},"end":{"line":45,"column":72}},"type":"cond-expr","locations":[{"start":{"line":45,"column":43},"end":{"line":45,"column":55}},{"start":{"line":45,"column":58},"end":{"line":45,"column":72}}],"line":45}},"s":{"0":2,"1":1,"2":2,"3":2,"4":6,"5":6,"6":0},"f":{"0":1,"1":2,"2":6,"3":6,"4":0},"b":{"0":[2,0],"1":[2,4],"2":[2,4],"3":[0,6]},"_coverageSchema":"332fd63041d2c1bcb487cc26dd0d5f7d97098a6c","hash":"b6318e87b4ac1b8c972c8cdab06b3ccaf1a0e70d"}
,"/Users/pavel/Sites/11coders/my-contacts-client/src/components/table/utils.ts": {"path":"/Users/pavel/Sites/11coders/my-contacts-client/src/components/table/utils.ts","statementMap":{"0":{"start":{"line":18,"column":2},"end":{"line":null,"column":-1}},"1":{"start":{"line":22,"column":2},"end":{"line":24,"column":3}},"2":{"start":{"line":23,"column":4},"end":{"line":null,"column":-1}},"3":{"start":{"line":25,"column":2},"end":{"line":27,"column":3}},"4":{"start":{"line":26,"column":4},"end":{"line":null,"column":-1}},"5":{"start":{"line":28,"column":2},"end":{"line":null,"column":-1}},"6":{"start":{"line":32,"column":25},"end":{"line":32,"column":2}},"7":{"start":{"line":32,"column":60},"end":{"line":32,"column":25}},"8":{"start":{"line":33,"column":2},"end":{"line":null,"column":-1}},"9":{"start":{"line":34,"column":18},"end":{"line":34,"column":4}},"10":{"start":{"line":35,"column":4},"end":{"line":37,"column":5}},"11":{"start":{"line":36,"column":6},"end":{"line":null,"column":-1}},"12":{"start":{"line":38,"column":4},"end":{"line":null,"column":-1}},"13":{"start":{"line":40,"column":2},"end":{"line":null,"column":-1}},"14":{"start":{"line":40,"column":41},"end":{"line":40,"column":9}},"15":{"start":{"line":44,"column":2},"end":{"line":null,"column":-1}},"16":{"start":{"line":45,"column":26},"end":{"line":44,"column":9}},"17":{"start":{"line":46,"column":26},"end":{"line":44,"column":2}}},"fnMap":{"0":{"name":"createData","decl":{"start":{"line":10,"column":16},"end":{"line":10,"column":7}},"loc":{"start":{"line":17,"column":2},"end":{"line":19,"column":1}}},"1":{"name":"desc","decl":{"start":{"line":21,"column":16},"end":{"line":21,"column":7}},"loc":{"start":{"line":21,"column":51},"end":{"line":29,"column":1}}},"2":{"name":"stableSort","decl":{"start":{"line":31,"column":16},"end":{"line":31,"column":7}},"loc":{"start":{"line":31,"column":49},"end":{"line":41,"column":1}}},"3":{"name":"(anonymous_3)","decl":{"start":{"line":32,"column":35},"end":{"line":32,"column":36}},"loc":{"start":{"line":32,"column":60},"end":{"line":32,"column":25}}},"4":{"name":"(anonymous_4)","decl":{"start":{"line":33,"column":22},"end":{"line":33,"column":23}},"loc":{"start":{"line":33,"column":42},"end":{"line":33,"column":2}}},"5":{"name":"(anonymous_5)","decl":{"start":{"line":40,"column":29},"end":{"line":40,"column":27}},"loc":{"start":{"line":40,"column":41},"end":{"line":40,"column":9}}},"6":{"name":"getSorting","decl":{"start":{"line":43,"column":16},"end":{"line":43,"column":7}},"loc":{"start":{"line":43,"column":53},"end":{"line":47,"column":1}}},"7":{"name":"(anonymous_7)","decl":{"start":{"line":45,"column":6},"end":{"line":45,"column":7}},"loc":{"start":{"line":45,"column":26},"end":{"line":44,"column":9}}},"8":{"name":"(anonymous_8)","decl":{"start":{"line":46,"column":6},"end":{"line":46,"column":7}},"loc":{"start":{"line":46,"column":26},"end":{"line":44,"column":2}}}},"branchMap":{"0":{"loc":{"start":{"line":22,"column":2},"end":{"line":24,"column":3}},"type":"if","locations":[{"start":{"line":22,"column":2},"end":{"line":24,"column":3}},{"start":{"line":22,"column":2},"end":{"line":24,"column":3}}]},"1":{"loc":{"start":{"line":25,"column":2},"end":{"line":27,"column":3}},"type":"if","locations":[{"start":{"line":25,"column":2},"end":{"line":27,"column":3}},{"start":{"line":25,"column":2},"end":{"line":27,"column":3}}]},"2":{"loc":{"start":{"line":35,"column":4},"end":{"line":37,"column":5}},"type":"if","locations":[{"start":{"line":35,"column":4},"end":{"line":37,"column":5}},{"start":{"line":35,"column":4},"end":{"line":37,"column":5}}]},"3":{"loc":{"start":{"line":45,"column":6},"end":{"line":44,"column":9}},"type":"cond-expr","locations":[{"start":{"line":45,"column":6},"end":{"line":44,"column":9}},{"start":{"line":46,"column":6},"end":{"line":44,"column":2}}]}},"s":{"0":0,"1":0,"2":0,"3":0,"4":0,"5":0,"6":0,"7":0,"8":0,"9":0,"10":0,"11":0,"12":0,"13":0,"14":0,"15":0,"16":0,"17":0},"f":{"0":0,"1":0,"2":0,"3":0,"4":0,"5":0,"6":0,"7":0,"8":0},"b":{"0":[0,0],"1":[0,0],"2":[0,0],"3":[0,0]}}
,"/Users/pavel/Sites/11coders/my-contacts-client/src/components/table/table-toolbar/index.tsx": {"path":"/Users/pavel/Sites/11coders/my-contacts-client/src/components/table/table-toolbar/index.tsx","statementMap":{"0":{"start":{"line":16,"column":29},"end":{"line":59,"column":1}},"1":{"start":{"line":17,"column":71},"end":{"line":17,"column":76}},"2":{"start":{"line":19,"column":2},"end":{"line":58,"column":3}}},"fnMap":{"0":{"name":"(anonymous_0)","decl":{"start":{"line":16,"column":29},"end":{"line":16,"column":30}},"loc":{"start":{"line":16,"column":63},"end":{"line":59,"column":1}},"line":16}},"branchMap":{"0":{"loc":{"start":{"line":26,"column":9},"end":{"line":34,"column":9}},"type":"cond-expr","locations":[{"start":{"line":27,"column":10},"end":{"line":29,"column":23}},{"start":{"line":31,"column":10},"end":{"line":33,"column":23}}],"line":26},"1":{"loc":{"start":{"line":37,"column":7},"end":{"line":47,"column":7}},"type":"binary-expr","locations":[{"start":{"line":37,"column":7},"end":{"line":37,"column":22}},{"start":{"line":37,"column":26},"end":{"line":37,"column":34}},{"start":{"line":37,"column":38},"end":{"line":37,"column":55}},{"start":{"line":38,"column":8},"end":{"line":46,"column":14}}],"line":37},"2":{"loc":{"start":{"line":49,"column":9},"end":{"line":55,"column":9}},"type":"binary-expr","locations":[{"start":{"line":49,"column":9},"end":{"line":49,"column":24}},{"start":{"line":50,"column":10},"end":{"line":54,"column":20}}],"line":49}},"s":{"0":2,"1":2,"2":2},"f":{"0":2},"b":{"0":[0,2],"1":[2,2,2,2],"2":[2,0]},"_coverageSchema":"332fd63041d2c1bcb487cc26dd0d5f7d97098a6c","hash":"9c768afb73deb3088995f6ca22789f4f8796a02f"}
,"/Users/pavel/Sites/11coders/my-contacts-client/src/components/table/table-toolbar/search-form.tsx": {"path":"/Users/pavel/Sites/11coders/my-contacts-client/src/components/table/table-toolbar/search-form.tsx","statementMap":{"0":{"start":{"line":16,"column":19},"end":{"line":18,"column":1}},"1":{"start":{"line":17,"column":2},"end":{"line":17,"column":69}},"2":{"start":{"line":20,"column":19},"end":{"line":50,"column":1}},"3":{"start":{"line":26,"column":2},"end":{"line":49,"column":9}},"4":{"start":{"line":34,"column":8},"end":{"line":46,"column":10}},"5":{"start":{"line":52,"column":39},"end":{"line":54,"column":1}},"6":{"start":{"line":53,"column":2},"end":{"line":53,"column":40}}},"fnMap":{"0":{"name":"(anonymous_0)","decl":{"start":{"line":16,"column":19},"end":{"line":16,"column":20}},"loc":{"start":{"line":17,"column":2},"end":{"line":17,"column":69}},"line":17},"1":{"name":"(anonymous_1)","decl":{"start":{"line":20,"column":19},"end":{"line":20,"column":20}},"loc":{"start":{"line":26,"column":2},"end":{"line":49,"column":9}},"line":26},"2":{"name":"(anonymous_2)","decl":{"start":{"line":29,"column":7},"end":{"line":29,"column":8}},"loc":{"start":{"line":34,"column":8},"end":{"line":46,"column":10}},"line":34},"3":{"name":"(anonymous_3)","decl":{"start":{"line":52,"column":15},"end":{"line":52,"column":16}},"loc":{"start":{"line":52,"column":39},"end":{"line":54,"column":1}},"line":52},"4":{"name":"(anonymous_4)","decl":{"start":{"line":52,"column":39},"end":{"line":52,"column":40}},"loc":{"start":{"line":53,"column":2},"end":{"line":53,"column":40}},"line":53}},"branchMap":{"0":{"loc":{"start":{"line":23,"column":2},"end":{"line":23,"column":20}},"type":"default-arg","locations":[{"start":{"line":23,"column":9},"end":{"line":23,"column":20}}],"line":23},"1":{"loc":{"start":{"line":24,"column":2},"end":{"line":24,"column":20}},"type":"default-arg","locations":[{"start":{"line":24,"column":7},"end":{"line":24,"column":20}}],"line":24},"2":{"loc":{"start":{"line":37,"column":17},"end":{"line":37,"column":43}},"type":"binary-expr","locations":[{"start":{"line":37,"column":17},"end":{"line":37,"column":27}},{"start":{"line":37,"column":31},"end":{"line":37,"column":43}}],"line":37}},"s":{"0":2,"1":2,"2":2,"3":2,"4":2,"5":2,"6":2},"f":{"0":2,"1":2,"2":2,"3":2,"4":2},"b":{"0":[0],"1":[2],"2":[2,0]},"_coverageSchema":"332fd63041d2c1bcb487cc26dd0d5f7d97098a6c","hash":"265aebe6d4e2760aa806f0103720e75e8df9774c"}
,"/Users/pavel/Sites/11coders/my-contacts-client/src/components/table/table-toolbar/styles.ts": {"path":"/Users/pavel/Sites/11coders/my-contacts-client/src/components/table/table-toolbar/styles.ts","statementMap":{"0":{"start":{"line":3,"column":15},"end":{"line":68,"column":4}},"1":{"start":{"line":4,"column":2},"end":{"line":68,"column":4}}},"fnMap":{"0":{"name":"(anonymous_0)","decl":{"start":{"line":3,"column":15},"end":{"line":3,"column":16}},"loc":{"start":{"line":4,"column":2},"end":{"line":68,"column":4}},"line":4}},"branchMap":{"0":{"loc":{"start":{"line":9,"column":6},"end":{"line":17,"column":11}},"type":"cond-expr","locations":[{"start":{"line":10,"column":10},"end":{"line":13,"column":11}},{"start":{"line":14,"column":10},"end":{"line":17,"column":11}}],"line":9}},"s":{"0":2,"1":1},"f":{"0":1},"b":{"0":[1,0]},"_coverageSchema":"332fd63041d2c1bcb487cc26dd0d5f7d97098a6c","hash":"10a0b60b81cac07ae9d35ace1e0e48cfb00525f2"}
,"/Users/pavel/Sites/11coders/my-contacts-client/src/components/ui/input/checkbox.tsx": {"path":"/Users/pavel/Sites/11coders/my-contacts-client/src/components/ui/input/checkbox.tsx","statementMap":{"0":{"start":{"line":10,"column":2},"end":{"line":16,"column":4}}},"fnMap":{"0":{"name":"(anonymous_0)","decl":{"start":{"line":5,"column":15},"end":{"line":5,"column":16}},"loc":{"start":{"line":10,"column":2},"end":{"line":16,"column":4}},"line":10}},"branchMap":{},"s":{"0":1},"f":{"0":1},"b":{},"_coverageSchema":"332fd63041d2c1bcb487cc26dd0d5f7d97098a6c","hash":"cbd14ffde638f1bfd11228a70e94776ac00cb739"}
,"/Users/pavel/Sites/11coders/my-contacts-client/src/components/ui/input/error-field.tsx": {"path":"/Users/pavel/Sites/11coders/my-contacts-client/src/components/ui/input/error-field.tsx","statementMap":{"0":{"start":{"line":7,"column":15},"end":{"line":13,"column":4}},"1":{"start":{"line":8,"column":2},"end":{"line":13,"column":4}},"2":{"start":{"line":15,"column":19},"end":{"line":32,"column":1}},"3":{"start":{"line":16,"column":2},"end":{"line":31,"column":10}},"4":{"start":{"line":21,"column":6},"end":{"line":29,"column":14}}},"fnMap":{"0":{"name":"(anonymous_0)","decl":{"start":{"line":7,"column":15},"end":{"line":7,"column":16}},"loc":{"start":{"line":8,"column":2},"end":{"line":13,"column":4}},"line":8},"1":{"name":"(anonymous_1)","decl":{"start":{"line":15,"column":19},"end":{"line":15,"column":20}},"loc":{"start":{"line":16,"column":2},"end":{"line":31,"column":10}},"line":16},"2":{"name":"(anonymous_2)","decl":{"start":{"line":20,"column":5},"end":{"line":20,"column":6}},"loc":{"start":{"line":21,"column":6},"end":{"line":29,"column":14}},"line":21}},"branchMap":{"0":{"loc":{"start":{"line":21,"column":6},"end":{"line":29,"column":14}},"type":"cond-expr","locations":[{"start":{"line":22,"column":8},"end":{"line":28,"column":58}},{"start":{"line":29,"column":10},"end":{"line":29,"column":14}}],"line":21},"1":{"loc":{"start":{"line":21,"column":6},"end":{"line":21,"column":42}},"type":"binary-expr","locations":[{"start":{"line":21,"column":6},"end":{"line":21,"column":17}},{"start":{"line":21,"column":21},"end":{"line":21,"column":42}}],"line":21}},"s":{"0":4,"1":3,"2":4,"3":43,"4":43},"f":{"0":3,"1":43,"2":43},"b":{"0":[0,43],"1":[43,0]},"_coverageSchema":"332fd63041d2c1bcb487cc26dd0d5f7d97098a6c","hash":"8c6de5aedfe12ea77edc9804c5150adaadb1d7f1"}
,"/Users/pavel/Sites/11coders/my-contacts-client/src/components/ui/input/radio.tsx": {"path":"/Users/pavel/Sites/11coders/my-contacts-client/src/components/ui/input/radio.tsx","statementMap":{"0":{"start":{"line":10,"column":2},"end":{"line":17,"column":4}}},"fnMap":{"0":{"name":"(anonymous_0)","decl":{"start":{"line":5,"column":15},"end":{"line":5,"column":16}},"loc":{"start":{"line":10,"column":2},"end":{"line":17,"column":4}},"line":10}},"branchMap":{},"s":{"0":1},"f":{"0":1},"b":{},"_coverageSchema":"332fd63041d2c1bcb487cc26dd0d5f7d97098a6c","hash":"307bfb12cd5f146063e2b6524a00729ee970b183"}
,"/Users/pavel/Sites/11coders/my-contacts-client/src/components/ui/input/text-field.tsx": {"path":"/Users/pavel/Sites/11coders/my-contacts-client/src/components/ui/input/text-field.tsx","statementMap":{"0":{"start":{"line":10,"column":2},"end":{"line":18,"column":4}}},"fnMap":{"0":{"name":"(anonymous_0)","decl":{"start":{"line":5,"column":15},"end":{"line":5,"column":16}},"loc":{"start":{"line":10,"column":2},"end":{"line":18,"column":4}},"line":10}},"branchMap":{"0":{"loc":{"start":{"line":13,"column":16},"end":{"line":13,"column":53}},"type":"cond-expr","locations":[{"start":{"line":13,"column":31},"end":{"line":13,"column":41}},{"start":{"line":13,"column":44},"end":{"line":13,"column":53}}],"line":13},"1":{"loc":{"start":{"line":14,"column":11},"end":{"line":14,"column":37}},"type":"binary-expr","locations":[{"start":{"line":14,"column":11},"end":{"line":14,"column":21}},{"start":{"line":14,"column":25},"end":{"line":14,"column":37}}],"line":14}},"s":{"0":42},"f":{"0":42},"b":{"0":[0,42],"1":[42,9]},"_coverageSchema":"332fd63041d2c1bcb487cc26dd0d5f7d97098a6c","hash":"5be119bf9c0702fc3cc6df52d8db96a44c43d700"}
,"/Users/pavel/Sites/11coders/my-contacts-client/src/constants/index.ts": {"path":"/Users/pavel/Sites/11coders/my-contacts-client/src/constants/index.ts","statementMap":{"0":{"start":{"line":2,"column":2},"end":{"line":2,"column":66}}},"fnMap":{},"branchMap":{"0":{"loc":{"start":{"line":2,"column":2},"end":{"line":2,"column":66}},"type":"binary-expr","locations":[{"start":{"line":2,"column":2},"end":{"line":2,"column":38}},{"start":{"line":2,"column":42},"end":{"line":2,"column":66}}],"line":2}},"s":{"0":10},"f":{},"b":{"0":[10,10]},"_coverageSchema":"332fd63041d2c1bcb487cc26dd0d5f7d97098a6c","hash":"14dec6c55ed1154f1b05893c8ba31a9f55a9c70d"}
,"/Users/pavel/Sites/11coders/my-contacts-client/src/layouts/main/index.tsx": {"path":"/Users/pavel/Sites/11coders/my-contacts-client/src/layouts/main/index.tsx","statementMap":{"0":{"start":{"line":15,"column":18},"end":{"line":18,"column":2}},"1":{"start":{"line":20,"column":20},"end":{"line":23,"column":1}},"2":{"start":{"line":34,"column":19},"end":{"line":79,"column":1}},"3":{"start":{"line":35,"column":2},"end":{"line":78,"column":3}}},"fnMap":{"0":{"name":"(anonymous_0)","decl":{"start":{"line":34,"column":19},"end":{"line":34,"column":20}},"loc":{"start":{"line":34,"column":38},"end":{"line":79,"column":1}},"line":34}},"branchMap":{},"s":{"0":3,"1":3,"2":3,"3":3},"f":{"0":3},"b":{},"_coverageSchema":"332fd63041d2c1bcb487cc26dd0d5f7d97098a6c","hash":"22f66176a4177079f54cbcb1da20427c2b12028d"}
,"/Users/pavel/Sites/11coders/my-contacts-client/src/layouts/main/styles.ts": {"path":"/Users/pavel/Sites/11coders/my-contacts-client/src/layouts/main/styles.ts","statementMap":{"0":{"start":{"line":3,"column":2},"end":{"line":14,"column":4}}},"fnMap":{"0":{"name":"(anonymous_0)","decl":{"start":{"line":2,"column":15},"end":{"line":2,"column":16}},"loc":{"start":{"line":3,"column":2},"end":{"line":14,"column":4}},"line":3}},"branchMap":{},"s":{"0":2},"f":{"0":2},"b":{},"_coverageSchema":"332fd63041d2c1bcb487cc26dd0d5f7d97098a6c","hash":"f7ddf520f039aea8667e108a9549172af22bf7c1"}
,"/Users/pavel/Sites/11coders/my-contacts-client/src/pages/contacts/columns.ts": {"path":"/Users/pavel/Sites/11coders/my-contacts-client/src/pages/contacts/columns.ts","statementMap":{},"fnMap":{},"branchMap":{},"s":{},"f":{},"b":{},"_coverageSchema":"332fd63041d2c1bcb487cc26dd0d5f7d97098a6c","hash":"a785a1c94b18cdf36ecc357764f50a2a38d69544"}
,"/Users/pavel/Sites/11coders/my-contacts-client/src/pages/contacts/contact-form.tsx": {"path":"/Users/pavel/Sites/11coders/my-contacts-client/src/pages/contacts/contact-form.tsx","statementMap":{"0":{"start":{"line":8,"column":20},"end":{"line":46,"column":1}},"1":{"start":{"line":8,"column":40},"end":{"line":46,"column":1}},"2":{"start":{"line":12,"column":2},"end":{"line":45,"column":9}}},"fnMap":{"0":{"name":"(anonymous_0)","decl":{"start":{"line":8,"column":20},"end":{"line":8,"column":21}},"loc":{"start":{"line":8,"column":40},"end":{"line":46,"column":1}},"line":8},"1":{"name":"(anonymous_1)","decl":{"start":{"line":8,"column":40},"end":{"line":8,"column":41}},"loc":{"start":{"line":12,"column":2},"end":{"line":45,"column":9}},"line":12}},"branchMap":{},"s":{"0":2,"1":0,"2":0},"f":{"0":0,"1":0},"b":{},"_coverageSchema":"332fd63041d2c1bcb487cc26dd0d5f7d97098a6c","hash":"7a0228214474e00b8f906ca4a5e1282e8766adaf"}
,"/Users/pavel/Sites/11coders/my-contacts-client/src/pages/contacts/index.tsx": {"path":"/Users/pavel/Sites/11coders/my-contacts-client/src/pages/contacts/index.tsx","statementMap":{"0":{"start":{"line":25,"column":18},"end":{"line":28,"column":2}},"1":{"start":{"line":43,"column":17},"end":{"line":118,"column":1}},"2":{"start":{"line":44,"column":47},"end":{"line":44,"column":66}},"3":{"start":{"line":45,"column":22},"end":{"line":45,"column":27}},"4":{"start":{"line":46,"column":2},"end":{"line":53,"column":3}},"5":{"start":{"line":48,"column":6},"end":{"line":50,"column":7}},"6":{"start":{"line":49,"column":8},"end":{"line":49,"column":29}},"7":{"start":{"line":54,"column":46},"end":{"line":54,"column":58}},"8":{"start":{"line":55,"column":42},"end":{"line":55,"column":54}},"9":{"start":{"line":56,"column":30},"end":{"line":56,"column":57}},"10":{"start":{"line":56,"column":36},"end":{"line":56,"column":57}},"11":{"start":{"line":57,"column":28},"end":{"line":57,"column":53}},"12":{"start":{"line":57,"column":34},"end":{"line":57,"column":53}},"13":{"start":{"line":58,"column":19},"end":{"line":61,"column":3}},"14":{"start":{"line":59,"column":4},"end":{"line":59,"column":25}},"15":{"start":{"line":60,"column":4},"end":{"line":60,"column":23}},"16":{"start":{"line":62,"column":30},"end":{"line":62,"column":58}},"17":{"start":{"line":62,"column":36},"end":{"line":62,"column":58}},"18":{"start":{"line":63,"column":29},"end":{"line":69,"column":3}},"19":{"start":{"line":63,"column":48},"end":{"line":69,"column":3}},"20":{"start":{"line":64,"column":20},"end":{"line":64,"column":54}},"21":{"start":{"line":65,"column":4},"end":{"line":68,"column":5}},"22":{"start":{"line":66,"column":6},"end":{"line":66,"column":32}},"23":{"start":{"line":67,"column":6},"end":{"line":67,"column":28}},"24":{"start":{"line":70,"column":2},"end":{"line":117,"column":3}}},"fnMap":{"0":{"name":"(anonymous_0)","decl":{"start":{"line":43,"column":17},"end":{"line":43,"column":18}},"loc":{"start":{"line":43,"column":36},"end":{"line":118,"column":1}},"line":43},"1":{"name":"(anonymous_1)","decl":{"start":{"line":47,"column":4},"end":{"line":47,"column":5}},"loc":{"start":{"line":47,"column":10},"end":{"line":51,"column":5}},"line":47},"2":{"name":"(anonymous_2)","decl":{"start":{"line":56,"column":30},"end":{"line":56,"column":31}},"loc":{"start":{"line":56,"column":36},"end":{"line":56,"column":57}},"line":56},"3":{"name":"(anonymous_3)","decl":{"start":{"line":57,"column":28},"end":{"line":57,"column":29}},"loc":{"start":{"line":57,"column":34},"end":{"line":57,"column":53}},"line":57},"4":{"name":"(anonymous_4)","decl":{"start":{"line":58,"column":19},"end":{"line":58,"column":20}},"loc":{"start":{"line":58,"column":25},"end":{"line":61,"column":3}},"line":58},"5":{"name":"(anonymous_5)","decl":{"start":{"line":62,"column":30},"end":{"line":62,"column":31}},"loc":{"start":{"line":62,"column":36},"end":{"line":62,"column":58}},"line":62},"6":{"name":"(anonymous_6)","decl":{"start":{"line":63,"column":29},"end":{"line":63,"column":30}},"loc":{"start":{"line":63,"column":48},"end":{"line":69,"column":3}},"line":63},"7":{"name":"(anonymous_7)","decl":{"start":{"line":63,"column":48},"end":{"line":63,"column":49}},"loc":{"start":{"line":63,"column":64},"end":{"line":69,"column":3}},"line":63}},"branchMap":{"0":{"loc":{"start":{"line":48,"column":6},"end":{"line":50,"column":7}},"type":"if","locations":[{"start":{"line":48,"column":6},"end":{"line":50,"column":7}},{"start":{"line":48,"column":6},"end":{"line":50,"column":7}}],"line":48},"1":{"loc":{"start":{"line":65,"column":4},"end":{"line":68,"column":5}},"type":"if","locations":[{"start":{"line":65,"column":4},"end":{"line":68,"column":5}},{"start":{"line":65,"column":4},"end":{"line":68,"column":5}}],"line":65}},"s":{"0":2,"1":2,"2":2,"3":2,"4":2,"5":1,"6":0,"7":2,"8":2,"9":2,"10":0,"11":2,"12":0,"13":2,"14":0,"15":0,"16":2,"17":0,"18":2,"19":6,"20":0,"21":0,"22":0,"23":0,"24":2},"f":{"0":2,"1":1,"2":0,"3":0,"4":0,"5":0,"6":6,"7":0},"b":{"0":[0,1],"1":[0,0]},"_coverageSchema":"332fd63041d2c1bcb487cc26dd0d5f7d97098a6c","hash":"e9394f995455ceb340aa94bedd1a01117ea728c5"}
,"/Users/pavel/Sites/11coders/my-contacts-client/src/pages/contacts/styles.ts": {"path":"/Users/pavel/Sites/11coders/my-contacts-client/src/pages/contacts/styles.ts","statementMap":{"0":{"start":{"line":3,"column":15},"end":{"line":13,"column":4}},"1":{"start":{"line":4,"column":2},"end":{"line":13,"column":4}}},"fnMap":{"0":{"name":"(anonymous_0)","decl":{"start":{"line":3,"column":15},"end":{"line":3,"column":16}},"loc":{"start":{"line":4,"column":2},"end":{"line":13,"column":4}},"line":4}},"branchMap":{},"s":{"0":2,"1":1},"f":{"0":1},"b":{},"_coverageSchema":"332fd63041d2c1bcb487cc26dd0d5f7d97098a6c","hash":"499505ecf9fab6794040fa5aa7ac8f673051df97"}
,"/Users/pavel/Sites/11coders/my-contacts-client/src/pages/contacts/modals/contact-add.tsx": {"path":"/Users/pavel/Sites/11coders/my-contacts-client/src/pages/contacts/modals/contact-add.tsx","statementMap":{"0":{"start":{"line":23,"column":24},"end":{"line":62,"column":1}},"1":{"start":{"line":24,"column":30},"end":{"line":25,"column":46}},"2":{"start":{"line":24,"column":53},"end":{"line":25,"column":46}},"3":{"start":{"line":25,"column":4},"end":{"line":25,"column":46}},"4":{"start":{"line":25,"column":36},"end":{"line":25,"column":45}},"5":{"start":{"line":26,"column":17},"end":{"line":26,"column":35}},"6":{"start":{"line":27,"column":2},"end":{"line":61,"column":3}},"7":{"start":{"line":45,"column":12},"end":{"line":48,"column":14}}},"fnMap":{"0":{"name":"(anonymous_0)","decl":{"start":{"line":23,"column":24},"end":{"line":23,"column":25}},"loc":{"start":{"line":23,"column":55},"end":{"line":62,"column":1}},"line":23},"1":{"name":"(anonymous_1)","decl":{"start":{"line":24,"column":30},"end":{"line":24,"column":31}},"loc":{"start":{"line":24,"column":53},"end":{"line":25,"column":46}},"line":24},"2":{"name":"(anonymous_2)","decl":{"start":{"line":24,"column":53},"end":{"line":24,"column":54}},"loc":{"start":{"line":25,"column":4},"end":{"line":25,"column":46}},"line":25},"3":{"name":"(anonymous_3)","decl":{"start":{"line":25,"column":30},"end":{"line":25,"column":31}},"loc":{"start":{"line":25,"column":36},"end":{"line":25,"column":45}},"line":25},"4":{"name":"(anonymous_4)","decl":{"start":{"line":44,"column":11},"end":{"line":44,"column":12}},"loc":{"start":{"line":45,"column":12},"end":{"line":48,"column":14}},"line":45}},"branchMap":{},"s":{"0":2,"1":2,"2":0,"3":0,"4":0,"5":2,"6":2,"7":0},"f":{"0":2,"1":0,"2":0,"3":0,"4":0},"b":{},"_coverageSchema":"332fd63041d2c1bcb487cc26dd0d5f7d97098a6c","hash":"eb697e0ff2b62a4df588ccd21624709457c1e6c0"}
,"/Users/pavel/Sites/11coders/my-contacts-client/src/pages/contacts/modals/contact-delete.tsx": {"path":"/Users/pavel/Sites/11coders/my-contacts-client/src/pages/contacts/modals/contact-delete.tsx","statementMap":{"0":{"start":{"line":16,"column":27},"end":{"line":49,"column":1}},"1":{"start":{"line":22,"column":30},"end":{"line":25,"column":3}},"2":{"start":{"line":23,"column":4},"end":{"line":23,"column":28}},"3":{"start":{"line":24,"column":4},"end":{"line":24,"column":13}},"4":{"start":{"line":26,"column":2},"end":{"line":48,"column":3}}},"fnMap":{"0":{"name":"(anonymous_0)","decl":{"start":{"line":16,"column":27},"end":{"line":16,"column":28}},"loc":{"start":{"line":21,"column":14},"end":{"line":49,"column":1}},"line":21},"1":{"name":"(anonymous_1)","decl":{"start":{"line":22,"column":30},"end":{"line":22,"column":31}},"loc":{"start":{"line":22,"column":36},"end":{"line":25,"column":3}},"line":22}},"branchMap":{},"s":{"0":2,"1":2,"2":0,"3":0,"4":2},"f":{"0":2,"1":0},"b":{},"_coverageSchema":"332fd63041d2c1bcb487cc26dd0d5f7d97098a6c","hash":"92057bf5702a57e40cbd583cea1494d1b9d21e47"}
,"/Users/pavel/Sites/11coders/my-contacts-client/src/pages/contacts/modals/contact-edit.tsx": {"path":"/Users/pavel/Sites/11coders/my-contacts-client/src/pages/contacts/modals/contact-edit.tsx","statementMap":{"0":{"start":{"line":24,"column":25},"end":{"line":66,"column":1}},"1":{"start":{"line":25,"column":30},"end":{"line":26,"column":46}},"2":{"start":{"line":25,"column":53},"end":{"line":26,"column":46}},"3":{"start":{"line":26,"column":4},"end":{"line":26,"column":46}},"4":{"start":{"line":26,"column":36},"end":{"line":26,"column":45}},"5":{"start":{"line":27,"column":17},"end":{"line":27,"column":36}},"6":{"start":{"line":28,"column":2},"end":{"line":65,"column":3}},"7":{"start":{"line":48,"column":12},"end":{"line":52,"column":14}}},"fnMap":{"0":{"name":"(anonymous_0)","decl":{"start":{"line":24,"column":25},"end":{"line":24,"column":26}},"loc":{"start":{"line":24,"column":72},"end":{"line":66,"column":1}},"line":24},"1":{"name":"(anonymous_1)","decl":{"start":{"line":25,"column":30},"end":{"line":25,"column":31}},"loc":{"start":{"line":25,"column":53},"end":{"line":26,"column":46}},"line":25},"2":{"name":"(anonymous_2)","decl":{"start":{"line":25,"column":53},"end":{"line":25,"column":54}},"loc":{"start":{"line":26,"column":4},"end":{"line":26,"column":46}},"line":26},"3":{"name":"(anonymous_3)","decl":{"start":{"line":26,"column":30},"end":{"line":26,"column":31}},"loc":{"start":{"line":26,"column":36},"end":{"line":26,"column":45}},"line":26},"4":{"name":"(anonymous_4)","decl":{"start":{"line":47,"column":11},"end":{"line":47,"column":12}},"loc":{"start":{"line":48,"column":12},"end":{"line":52,"column":14}},"line":48}},"branchMap":{},"s":{"0":2,"1":2,"2":0,"3":0,"4":0,"5":2,"6":2,"7":0},"f":{"0":2,"1":0,"2":0,"3":0,"4":0},"b":{},"_coverageSchema":"332fd63041d2c1bcb487cc26dd0d5f7d97098a6c","hash":"34356b90c425716a6bed20b523c24f3b92868aef"}
,"/Users/pavel/Sites/11coders/my-contacts-client/src/pages/contacts/modals/contact-show.tsx": {"path":"/Users/pavel/Sites/11coders/my-contacts-client/src/pages/contacts/modals/contact-show.tsx","statementMap":{"0":{"start":{"line":15,"column":25},"end":{"line":36,"column":1}},"1":{"start":{"line":16,"column":2},"end":{"line":35,"column":3}}},"fnMap":{"0":{"name":"(anonymous_0)","decl":{"start":{"line":15,"column":25},"end":{"line":15,"column":26}},"loc":{"start":{"line":15,"column":72},"end":{"line":36,"column":1}},"line":15}},"branchMap":{},"s":{"0":2,"1":2},"f":{"0":2},"b":{},"_coverageSchema":"332fd63041d2c1bcb487cc26dd0d5f7d97098a6c","hash":"1e7ecde7919c9c4f3d05b515d09bc51c37fba88c"}
,"/Users/pavel/Sites/11coders/my-contacts-client/src/pages/home/index.tsx": {"path":"/Users/pavel/Sites/11coders/my-contacts-client/src/pages/home/index.tsx","statementMap":{"0":{"start":{"line":13,"column":18},"end":{"line":15,"column":2}},"1":{"start":{"line":17,"column":20},"end":{"line":19,"column":1}},"2":{"start":{"line":21,"column":13},"end":{"line":23,"column":1}},"3":{"start":{"line":22,"column":2},"end":{"line":22,"column":46}}},"fnMap":{"0":{"name":"(anonymous_0)","decl":{"start":{"line":21,"column":13},"end":{"line":21,"column":14}},"loc":{"start":{"line":21,"column":29},"end":{"line":23,"column":1}},"line":21}},"branchMap":{},"s":{"0":1,"1":1,"2":1,"3":1},"f":{"0":1},"b":{},"_coverageSchema":"332fd63041d2c1bcb487cc26dd0d5f7d97098a6c","hash":"476953aa8ed820b053501a8765c0784831b95bf2"}
,"/Users/pavel/Sites/11coders/my-contacts-client/src/pages/login/index.tsx": {"path":"/Users/pavel/Sites/11coders/my-contacts-client/src/pages/login/index.tsx","statementMap":{"0":{"start":{"line":22,"column":17},"end":{"line":31,"column":1}},"1":{"start":{"line":23,"column":22},"end":{"line":23,"column":24}},"2":{"start":{"line":24,"column":2},"end":{"line":26,"column":3}},"3":{"start":{"line":25,"column":4},"end":{"line":25,"column":29}},"4":{"start":{"line":27,"column":2},"end":{"line":29,"column":3}},"5":{"start":{"line":28,"column":4},"end":{"line":28,"column":32}},"6":{"start":{"line":30,"column":2},"end":{"line":30,"column":15}},"7":{"start":{"line":37,"column":14},"end":{"line":80,"column":1}},"8":{"start":{"line":38,"column":22},"end":{"line":41,"column":6}},"9":{"start":{"line":38,"column":45},"end":{"line":41,"column":6}},"10":{"start":{"line":39,"column":4},"end":{"line":41,"column":6}},"11":{"start":{"line":40,"column":6},"end":{"line":40,"column":33}},"12":{"start":{"line":42,"column":2},"end":{"line":79,"column":3}},"13":{"start":{"line":69,"column":14},"end":{"line":73,"column":16}}},"fnMap":{"0":{"name":"(anonymous_0)","decl":{"start":{"line":22,"column":17},"end":{"line":22,"column":18}},"loc":{"start":{"line":22,"column":47},"end":{"line":31,"column":1}},"line":22},"1":{"name":"(anonymous_1)","decl":{"start":{"line":37,"column":14},"end":{"line":37,"column":15}},"loc":{"start":{"line":37,"column":39},"end":{"line":80,"column":1}},"line":37},"2":{"name":"(anonymous_2)","decl":{"start":{"line":38,"column":22},"end":{"line":38,"column":23}},"loc":{"start":{"line":38,"column":45},"end":{"line":41,"column":6}},"line":38},"3":{"name":"(anonymous_3)","decl":{"start":{"line":38,"column":45},"end":{"line":38,"column":46}},"loc":{"start":{"line":39,"column":4},"end":{"line":41,"column":6}},"line":39},"4":{"name":"(anonymous_4)","decl":{"start":{"line":39,"column":30},"end":{"line":39,"column":31}},"loc":{"start":{"line":39,"column":36},"end":{"line":41,"column":5}},"line":39},"5":{"name":"(anonymous_5)","decl":{"start":{"line":68,"column":13},"end":{"line":68,"column":14}},"loc":{"start":{"line":69,"column":14},"end":{"line":73,"column":16}},"line":69}},"branchMap":{"0":{"loc":{"start":{"line":24,"column":2},"end":{"line":26,"column":3}},"type":"if","locations":[{"start":{"line":24,"column":2},"end":{"line":26,"column":3}},{"start":{"line":24,"column":2},"end":{"line":26,"column":3}}],"line":24},"1":{"loc":{"start":{"line":27,"column":2},"end":{"line":29,"column":3}},"type":"if","locations":[{"start":{"line":27,"column":2},"end":{"line":29,"column":3}},{"start":{"line":27,"column":2},"end":{"line":29,"column":3}}],"line":27}},"s":{"0":2,"1":12,"2":12,"3":7,"4":12,"5":8,"6":12,"7":2,"8":2,"9":4,"10":1,"11":1,"12":2,"13":4},"f":{"0":12,"1":2,"2":4,"3":1,"4":1,"5":4},"b":{"0":[7,5],"1":[8,4]},"_coverageSchema":"332fd63041d2c1bcb487cc26dd0d5f7d97098a6c","hash":"c134b22265c51a7f9c6ffde27d97e9afb2e4e33a"}
,"/Users/pavel/Sites/11coders/my-contacts-client/src/pages/login/login-form.tsx": {"path":"/Users/pavel/Sites/11coders/my-contacts-client/src/pages/login/login-form.tsx","statementMap":{"0":{"start":{"line":8,"column":18},"end":{"line":51,"column":1}},"1":{"start":{"line":8,"column":36},"end":{"line":51,"column":1}},"2":{"start":{"line":17,"column":2},"end":{"line":50,"column":9}}},"fnMap":{"0":{"name":"(anonymous_0)","decl":{"start":{"line":8,"column":18},"end":{"line":8,"column":19}},"loc":{"start":{"line":8,"column":36},"end":{"line":51,"column":1}},"line":8},"1":{"name":"(anonymous_1)","decl":{"start":{"line":8,"column":36},"end":{"line":8,"column":37}},"loc":{"start":{"line":17,"column":2},"end":{"line":50,"column":9}},"line":17}},"branchMap":{},"s":{"0":2,"1":4,"2":8},"f":{"0":4,"1":8},"b":{},"_coverageSchema":"332fd63041d2c1bcb487cc26dd0d5f7d97098a6c","hash":"6c6de285526b1c99af33ea0916a94f6fa94b8aef"}
,"/Users/pavel/Sites/11coders/my-contacts-client/src/pages/login/styles.ts": {"path":"/Users/pavel/Sites/11coders/my-contacts-client/src/pages/login/styles.ts","statementMap":{"0":{"start":{"line":3,"column":15},"end":{"line":16,"column":4}},"1":{"start":{"line":4,"column":2},"end":{"line":16,"column":4}}},"fnMap":{"0":{"name":"(anonymous_0)","decl":{"start":{"line":3,"column":15},"end":{"line":3,"column":16}},"loc":{"start":{"line":4,"column":2},"end":{"line":16,"column":4}},"line":4}},"branchMap":{},"s":{"0":2,"1":2},"f":{"0":2},"b":{},"_coverageSchema":"332fd63041d2c1bcb487cc26dd0d5f7d97098a6c","hash":"915a775af5e6b900060e4d3309456c920d22847d"}
,"/Users/pavel/Sites/11coders/my-contacts-client/src/pages/not-found/index.tsx": {"path":"/Users/pavel/Sites/11coders/my-contacts-client/src/pages/not-found/index.tsx","statementMap":{"0":{"start":{"line":4,"column":17},"end":{"line":14,"column":1}},"1":{"start":{"line":5,"column":2},"end":{"line":13,"column":8}}},"fnMap":{"0":{"name":"(anonymous_0)","decl":{"start":{"line":4,"column":17},"end":{"line":4,"column":18}},"loc":{"start":{"line":5,"column":2},"end":{"line":13,"column":8}},"line":5}},"branchMap":{},"s":{"0":2,"1":1},"f":{"0":1},"b":{},"_coverageSchema":"332fd63041d2c1bcb487cc26dd0d5f7d97098a6c","hash":"071e3aaaa84eee4379f4303e00cbb2682e785ef6"}
,"/Users/pavel/Sites/11coders/my-contacts-client/src/pages/signup/index.tsx": {"path":"/Users/pavel/Sites/11coders/my-contacts-client/src/pages/signup/index.tsx","statementMap":{"0":{"start":{"line":17,"column":15},"end":{"line":53,"column":1}},"1":{"start":{"line":18,"column":23},"end":{"line":21,"column":6}},"2":{"start":{"line":18,"column":46},"end":{"line":21,"column":6}},"3":{"start":{"line":19,"column":4},"end":{"line":21,"column":6}},"4":{"start":{"line":20,"column":6},"end":{"line":20,"column":33}},"5":{"start":{"line":22,"column":2},"end":{"line":52,"column":3}},"6":{"start":{"line":42,"column":14},"end":{"line":46,"column":16}}},"fnMap":{"0":{"name":"(anonymous_0)","decl":{"start":{"line":17,"column":15},"end":{"line":17,"column":16}},"loc":{"start":{"line":17,"column":40},"end":{"line":53,"column":1}},"line":17},"1":{"name":"(anonymous_1)","decl":{"start":{"line":18,"column":23},"end":{"line":18,"column":24}},"loc":{"start":{"line":18,"column":46},"end":{"line":21,"column":6}},"line":18},"2":{"name":"(anonymous_2)","decl":{"start":{"line":18,"column":46},"end":{"line":18,"column":47}},"loc":{"start":{"line":19,"column":4},"end":{"line":21,"column":6}},"line":19},"3":{"name":"(anonymous_3)","decl":{"start":{"line":19,"column":30},"end":{"line":19,"column":31}},"loc":{"start":{"line":19,"column":36},"end":{"line":21,"column":5}},"line":19},"4":{"name":"(anonymous_4)","decl":{"start":{"line":41,"column":13},"end":{"line":41,"column":14}},"loc":{"start":{"line":42,"column":14},"end":{"line":46,"column":16}},"line":42}},"branchMap":{},"s":{"0":2,"1":1,"2":2,"3":1,"4":1,"5":1,"6":2},"f":{"0":1,"1":2,"2":1,"3":1,"4":2},"b":{},"_coverageSchema":"332fd63041d2c1bcb487cc26dd0d5f7d97098a6c","hash":"1f3585d65e94fde9d17cf3613360ac897387291e"}
,"/Users/pavel/Sites/11coders/my-contacts-client/src/pages/signup/signup-form.tsx": {"path":"/Users/pavel/Sites/11coders/my-contacts-client/src/pages/signup/signup-form.tsx","statementMap":{"0":{"start":{"line":8,"column":19},"end":{"line":73,"column":1}},"1":{"start":{"line":8,"column":37},"end":{"line":73,"column":1}},"2":{"start":{"line":15,"column":2},"end":{"line":72,"column":9}}},"fnMap":{"0":{"name":"(anonymous_0)","decl":{"start":{"line":8,"column":19},"end":{"line":8,"column":20}},"loc":{"start":{"line":8,"column":37},"end":{"line":73,"column":1}},"line":8},"1":{"name":"(anonymous_1)","decl":{"start":{"line":8,"column":37},"end":{"line":8,"column":38}},"loc":{"start":{"line":15,"column":2},"end":{"line":72,"column":9}},"line":15}},"branchMap":{},"s":{"0":2,"1":2,"2":7},"f":{"0":2,"1":7},"b":{},"_coverageSchema":"332fd63041d2c1bcb487cc26dd0d5f7d97098a6c","hash":"f2fcf2a04b951a5375ce400a0b959c4427ee8378"}
,"/Users/pavel/Sites/11coders/my-contacts-client/src/pages/signup/styles.ts": {"path":"/Users/pavel/Sites/11coders/my-contacts-client/src/pages/signup/styles.ts","statementMap":{"0":{"start":{"line":3,"column":15},"end":{"line":16,"column":4}},"1":{"start":{"line":4,"column":2},"end":{"line":16,"column":4}}},"fnMap":{"0":{"name":"(anonymous_0)","decl":{"start":{"line":3,"column":15},"end":{"line":3,"column":16}},"loc":{"start":{"line":4,"column":2},"end":{"line":16,"column":4}},"line":4}},"branchMap":{},"s":{"0":2,"1":1},"f":{"0":1},"b":{},"_coverageSchema":"332fd63041d2c1bcb487cc26dd0d5f7d97098a6c","hash":"e7489ba5d060ddbf03b04bf969346a87af0edcc6"}
,"/Users/pavel/Sites/11coders/my-contacts-client/src/redux/configureStore.ts": {"path":"/Users/pavel/Sites/11coders/my-contacts-client/src/redux/configureStore.ts","statementMap":{"0":{"start":{"line":8,"column":2},"end":{"line":8,"column":65}},"1":{"start":{"line":10,"column":29},"end":{"line":10,"column":57}},"2":{"start":{"line":12,"column":31},"end":{"line":12,"column":51}},"3":{"start":{"line":15,"column":25},"end":{"line":17,"column":4}},"4":{"start":{"line":19,"column":16},"end":{"line":24,"column":3}},"5":{"start":{"line":26,"column":2},"end":{"line":26,"column":30}},"6":{"start":{"line":28,"column":2},"end":{"line":28,"column":14}}},"fnMap":{"0":{"name":"configureStore","decl":{"start":{"line":14,"column":24},"end":{"line":14,"column":38}},"loc":{"start":{"line":14,"column":61},"end":{"line":29,"column":1}},"line":14}},"branchMap":{"0":{"loc":{"start":{"line":8,"column":2},"end":{"line":8,"column":65}},"type":"binary-expr","locations":[{"start":{"line":8,"column":2},"end":{"line":8,"column":54}},{"start":{"line":8,"column":58},"end":{"line":8,"column":65}}],"line":8}},"s":{"0":10,"1":10,"2":10,"3":10,"4":10,"5":10,"6":10},"f":{"0":10},"b":{"0":[10,10]},"_coverageSchema":"332fd63041d2c1bcb487cc26dd0d5f7d97098a6c","hash":"0332da512f98a349b14b9646f00832068cda29d7"}
,"/Users/pavel/Sites/11coders/my-contacts-client/src/redux/actions/contacts.ts": {"path":"/Users/pavel/Sites/11coders/my-contacts-client/src/redux/actions/contacts.ts","statementMap":{"0":{"start":{"line":1,"column":30},"end":{"line":1,"column":46}},"1":{"start":{"line":2,"column":29},"end":{"line":7,"column":2}},"2":{"start":{"line":2,"column":52},"end":{"line":7,"column":1}},"3":{"start":{"line":9,"column":31},"end":{"line":9,"column":48}},"4":{"start":{"line":10,"column":30},"end":{"line":16,"column":2}},"5":{"start":{"line":10,"column":76},"end":{"line":16,"column":1}},"6":{"start":{"line":18,"column":31},"end":{"line":18,"column":48}},"7":{"start":{"line":19,"column":30},"end":{"line":21,"column":2}},"8":{"start":{"line":19,"column":37},"end":{"line":21,"column":1}},"9":{"start":{"line":23,"column":33},"end":{"line":23,"column":52}},"10":{"start":{"line":24,"column":31},"end":{"line":27,"column":2}},"11":{"start":{"line":24,"column":50},"end":{"line":27,"column":1}},"12":{"start":{"line":29,"column":37},"end":{"line":29,"column":60}},"13":{"start":{"line":30,"column":34},"end":{"line":33,"column":2}},"14":{"start":{"line":30,"column":56},"end":{"line":33,"column":1}},"15":{"start":{"line":35,"column":33},"end":{"line":35,"column":52}},"16":{"start":{"line":36,"column":31},"end":{"line":39,"column":2}},"17":{"start":{"line":36,"column":76},"end":{"line":39,"column":1}},"18":{"start":{"line":41,"column":35},"end":{"line":41,"column":56}},"19":{"start":{"line":42,"column":33},"end":{"line":45,"column":2}},"20":{"start":{"line":42,"column":51},"end":{"line":45,"column":1}},"21":{"start":{"line":47,"column":35},"end":{"line":47,"column":56}},"22":{"start":{"line":49,"column":30},"end":{"line":49,"column":46}},"23":{"start":{"line":50,"column":29},"end":{"line":53,"column":2}},"24":{"start":{"line":50,"column":51},"end":{"line":53,"column":1}},"25":{"start":{"line":55,"column":36},"end":{"line":55,"column":58}},"26":{"start":{"line":56,"column":34},"end":{"line":59,"column":2}},"27":{"start":{"line":56,"column":51},"end":{"line":59,"column":1}},"28":{"start":{"line":61,"column":32},"end":{"line":61,"column":50}},"29":{"start":{"line":62,"column":27},"end":{"line":62,"column":40}},"30":{"start":{"line":63,"column":26},"end":{"line":66,"column":2}},"31":{"start":{"line":63,"column":48},"end":{"line":66,"column":1}},"32":{"start":{"line":68,"column":33},"end":{"line":68,"column":52}},"33":{"start":{"line":69,"column":31},"end":{"line":72,"column":2}},"34":{"start":{"line":69,"column":48},"end":{"line":72,"column":1}},"35":{"start":{"line":74,"column":35},"end":{"line":74,"column":56}},"36":{"start":{"line":75,"column":33},"end":{"line":78,"column":2}},"37":{"start":{"line":75,"column":50},"end":{"line":78,"column":1}},"38":{"start":{"line":80,"column":30},"end":{"line":80,"column":46}},"39":{"start":{"line":81,"column":29},"end":{"line":84,"column":2}},"40":{"start":{"line":81,"column":46},"end":{"line":84,"column":1}}},"fnMap":{"0":{"name":"(anonymous_0)","decl":{"start":{"line":2,"column":29},"end":{"line":2,"column":30}},"loc":{"start":{"line":2,"column":52},"end":{"line":7,"column":1}},"line":2},"1":{"name":"(anonymous_1)","decl":{"start":{"line":10,"column":30},"end":{"line":10,"column":31}},"loc":{"start":{"line":10,"column":76},"end":{"line":16,"column":1}},"line":10},"2":{"name":"(anonymous_2)","decl":{"start":{"line":19,"column":30},"end":{"line":19,"column":31}},"loc":{"start":{"line":19,"column":37},"end":{"line":21,"column":1}},"line":19},"3":{"name":"(anonymous_3)","decl":{"start":{"line":24,"column":31},"end":{"line":24,"column":32}},"loc":{"start":{"line":24,"column":50},"end":{"line":27,"column":1}},"line":24},"4":{"name":"(anonymous_4)","decl":{"start":{"line":30,"column":34},"end":{"line":30,"column":35}},"loc":{"start":{"line":30,"column":56},"end":{"line":33,"column":1}},"line":30},"5":{"name":"(anonymous_5)","decl":{"start":{"line":36,"column":31},"end":{"line":36,"column":32}},"loc":{"start":{"line":36,"column":76},"end":{"line":39,"column":1}},"line":36},"6":{"name":"(anonymous_6)","decl":{"start":{"line":42,"column":33},"end":{"line":42,"column":34}},"loc":{"start":{"line":42,"column":51},"end":{"line":45,"column":1}},"line":42},"7":{"name":"(anonymous_7)","decl":{"start":{"line":50,"column":29},"end":{"line":50,"column":30}},"loc":{"start":{"line":50,"column":51},"end":{"line":53,"column":1}},"line":50},"8":{"name":"(anonymous_8)","decl":{"start":{"line":56,"column":34},"end":{"line":56,"column":35}},"loc":{"start":{"line":56,"column":51},"end":{"line":59,"column":1}},"line":56},"9":{"name":"(anonymous_9)","decl":{"start":{"line":63,"column":26},"end":{"line":63,"column":27}},"loc":{"start":{"line":63,"column":48},"end":{"line":66,"column":1}},"line":63},"10":{"name":"(anonymous_10)","decl":{"start":{"line":69,"column":31},"end":{"line":69,"column":32}},"loc":{"start":{"line":69,"column":48},"end":{"line":72,"column":1}},"line":69},"11":{"name":"(anonymous_11)","decl":{"start":{"line":75,"column":33},"end":{"line":75,"column":34}},"loc":{"start":{"line":75,"column":50},"end":{"line":78,"column":1}},"line":75},"12":{"name":"(anonymous_12)","decl":{"start":{"line":81,"column":29},"end":{"line":81,"column":30}},"loc":{"start":{"line":81,"column":46},"end":{"line":84,"column":1}},"line":81}},"branchMap":{"0":{"loc":{"start":{"line":2,"column":30},"end":{"line":2,"column":46}},"type":"default-arg","locations":[{"start":{"line":2,"column":45},"end":{"line":2,"column":46}}],"line":2},"1":{"loc":{"start":{"line":10,"column":31},"end":{"line":10,"column":51}},"type":"default-arg","locations":[{"start":{"line":10,"column":49},"end":{"line":10,"column":51}}],"line":10},"2":{"loc":{"start":{"line":10,"column":53},"end":{"line":10,"column":70}},"type":"default-arg","locations":[{"start":{"line":10,"column":68},"end":{"line":10,"column":70}}],"line":10}},"s":{"0":10,"1":10,"2":1,"3":10,"4":10,"5":1,"6":10,"7":10,"8":0,"9":10,"10":10,"11":0,"12":10,"13":10,"14":0,"15":10,"16":10,"17":0,"18":10,"19":10,"20":1,"21":10,"22":10,"23":10,"24":0,"25":10,"26":10,"27":0,"28":10,"29":10,"30":10,"31":0,"32":10,"33":10,"34":0,"35":10,"36":10,"37":0,"38":10,"39":10,"40":0},"f":{"0":1,"1":1,"2":0,"3":0,"4":0,"5":0,"6":1,"7":0,"8":0,"9":0,"10":0,"11":0,"12":0},"b":{"0":[1],"1":[0],"2":[0]},"_coverageSchema":"332fd63041d2c1bcb487cc26dd0d5f7d97098a6c","hash":"7e5f437e6360c420bc31c5f546f39f07ac60f6a3"}
,"/Users/pavel/Sites/11coders/my-contacts-client/src/redux/actions/errors.ts": {"path":"/Users/pavel/Sites/11coders/my-contacts-client/src/redux/actions/errors.ts","statementMap":{"0":{"start":{"line":1,"column":25},"end":{"line":1,"column":36}},"1":{"start":{"line":2,"column":24},"end":{"line":17,"column":1}},"2":{"start":{"line":3,"column":23},"end":{"line":3,"column":28}},"3":{"start":{"line":4,"column":2},"end":{"line":16,"column":7}},"4":{"start":{"line":19,"column":27},"end":{"line":19,"column":40}},"5":{"start":{"line":20,"column":26},"end":{"line":20,"column":55}},"6":{"start":{"line":20,"column":33},"end":{"line":20,"column":54}}},"fnMap":{"0":{"name":"(anonymous_0)","decl":{"start":{"line":2,"column":24},"end":{"line":2,"column":25}},"loc":{"start":{"line":2,"column":53},"end":{"line":17,"column":1}},"line":2},"1":{"name":"(anonymous_1)","decl":{"start":{"line":20,"column":26},"end":{"line":20,"column":27}},"loc":{"start":{"line":20,"column":33},"end":{"line":20,"column":54}},"line":20}},"branchMap":{"0":{"loc":{"start":{"line":4,"column":9},"end":{"line":16,"column":7}},"type":"cond-expr","locations":[{"start":{"line":5,"column":6},"end":{"line":12,"column":7}},{"start":{"line":13,"column":6},"end":{"line":16,"column":7}}],"line":4},"1":{"loc":{"start":{"line":15,"column":17},"end":{"line":15,"column":76}},"type":"cond-expr","locations":[{"start":{"line":15,"column":40},"end":{"line":15,"column":60}},{"start":{"line":15,"column":63},"end":{"line":15,"column":76}}],"line":15}},"s":{"0":10,"1":10,"2":0,"3":0,"4":10,"5":10,"6":0},"f":{"0":0,"1":0},"b":{"0":[0,0],"1":[0,0]},"_coverageSchema":"332fd63041d2c1bcb487cc26dd0d5f7d97098a6c","hash":"c6c177f573c8bd4c2ba6b72d3777295cae9d6d9f"}
,"/Users/pavel/Sites/11coders/my-contacts-client/src/redux/actions/session.ts": {"path":"/Users/pavel/Sites/11coders/my-contacts-client/src/redux/actions/session.ts","statementMap":{"0":{"start":{"line":3,"column":29},"end":{"line":3,"column":44}},"1":{"start":{"line":4,"column":28},"end":{"line":7,"column":2}},"2":{"start":{"line":4,"column":50},"end":{"line":7,"column":1}},"3":{"start":{"line":9,"column":33},"end":{"line":9,"column":52}},"4":{"start":{"line":10,"column":32},"end":{"line":13,"column":2}},"5":{"start":{"line":10,"column":52},"end":{"line":13,"column":1}},"6":{"start":{"line":15,"column":35},"end":{"line":15,"column":56}},"7":{"start":{"line":16,"column":33},"end":{"line":19,"column":2}},"8":{"start":{"line":16,"column":50},"end":{"line":19,"column":1}},"9":{"start":{"line":21,"column":30},"end":{"line":21,"column":46}},"10":{"start":{"line":22,"column":29},"end":{"line":24,"column":2}},"11":{"start":{"line":22,"column":36},"end":{"line":24,"column":1}}},"fnMap":{"0":{"name":"(anonymous_0)","decl":{"start":{"line":4,"column":28},"end":{"line":4,"column":29}},"loc":{"start":{"line":4,"column":50},"end":{"line":7,"column":1}},"line":4},"1":{"name":"(anonymous_1)","decl":{"start":{"line":10,"column":32},"end":{"line":10,"column":33}},"loc":{"start":{"line":10,"column":52},"end":{"line":13,"column":1}},"line":10},"2":{"name":"(anonymous_2)","decl":{"start":{"line":16,"column":33},"end":{"line":16,"column":34}},"loc":{"start":{"line":16,"column":50},"end":{"line":19,"column":1}},"line":16},"3":{"name":"(anonymous_3)","decl":{"start":{"line":22,"column":29},"end":{"line":22,"column":30}},"loc":{"start":{"line":22,"column":36},"end":{"line":24,"column":1}},"line":22}},"branchMap":{},"s":{"0":10,"1":10,"2":2,"3":10,"4":10,"5":5,"6":10,"7":10,"8":0,"9":10,"10":10,"11":1},"f":{"0":2,"1":5,"2":0,"3":1},"b":{},"_coverageSchema":"332fd63041d2c1bcb487cc26dd0d5f7d97098a6c","hash":"9d14b394a08af36fed4830e2026096301a49afa7"}
,"/Users/pavel/Sites/11coders/my-contacts-client/src/redux/actions/user.ts": {"path":"/Users/pavel/Sites/11coders/my-contacts-client/src/redux/actions/user.ts","statementMap":{"0":{"start":{"line":1,"column":26},"end":{"line":1,"column":38}},"1":{"start":{"line":2,"column":25},"end":{"line":5,"column":2}},"2":{"start":{"line":2,"column":47},"end":{"line":5,"column":1}},"3":{"start":{"line":7,"column":32},"end":{"line":7,"column":50}},"4":{"start":{"line":9,"column":27},"end":{"line":9,"column":40}},"5":{"start":{"line":10,"column":26},"end":{"line":13,"column":2}},"6":{"start":{"line":10,"column":48},"end":{"line":13,"column":1}},"7":{"start":{"line":15,"column":26},"end":{"line":15,"column":38}},"8":{"start":{"line":16,"column":25},"end":{"line":18,"column":2}},"9":{"start":{"line":16,"column":32},"end":{"line":18,"column":1}},"10":{"start":{"line":20,"column":27},"end":{"line":20,"column":40}},"11":{"start":{"line":21,"column":26},"end":{"line":24,"column":2}},"12":{"start":{"line":21,"column":48},"end":{"line":24,"column":1}},"13":{"start":{"line":26,"column":33},"end":{"line":26,"column":52}},"14":{"start":{"line":27,"column":31},"end":{"line":30,"column":2}},"15":{"start":{"line":27,"column":48},"end":{"line":30,"column":1}},"16":{"start":{"line":32,"column":35},"end":{"line":32,"column":56}}},"fnMap":{"0":{"name":"(anonymous_0)","decl":{"start":{"line":2,"column":25},"end":{"line":2,"column":26}},"loc":{"start":{"line":2,"column":47},"end":{"line":5,"column":1}},"line":2},"1":{"name":"(anonymous_1)","decl":{"start":{"line":10,"column":26},"end":{"line":10,"column":27}},"loc":{"start":{"line":10,"column":48},"end":{"line":13,"column":1}},"line":10},"2":{"name":"(anonymous_2)","decl":{"start":{"line":16,"column":25},"end":{"line":16,"column":26}},"loc":{"start":{"line":16,"column":32},"end":{"line":18,"column":1}},"line":16},"3":{"name":"(anonymous_3)","decl":{"start":{"line":21,"column":26},"end":{"line":21,"column":27}},"loc":{"start":{"line":21,"column":48},"end":{"line":24,"column":1}},"line":21},"4":{"name":"(anonymous_4)","decl":{"start":{"line":27,"column":31},"end":{"line":27,"column":32}},"loc":{"start":{"line":27,"column":48},"end":{"line":30,"column":1}},"line":27}},"branchMap":{},"s":{"0":10,"1":10,"2":3,"3":10,"4":10,"5":10,"6":2,"7":10,"8":10,"9":1,"10":10,"11":10,"12":0,"13":10,"14":10,"15":0,"16":10},"f":{"0":3,"1":2,"2":1,"3":0,"4":0},"b":{},"_coverageSchema":"332fd63041d2c1bcb487cc26dd0d5f7d97098a6c","hash":"6ef52a9b2ca5f542536a1667ff5da8d90b494cba"}
,"/Users/pavel/Sites/11coders/my-contacts-client/src/redux/epics/contacts.ts": {"path":"/Users/pavel/Sites/11coders/my-contacts-client/src/redux/epics/contacts.ts","statementMap":{"0":{"start":{"line":33,"column":33},"end":{"line":65,"column":3}},"1":{"start":{"line":38,"column":2},"end":{"line":65,"column":3}},"2":{"start":{"line":46,"column":19},"end":{"line":46,"column":29}},"3":{"start":{"line":49,"column":6},"end":{"line":63,"column":7}},"4":{"start":{"line":61,"column":31},"end":{"line":61,"column":75}},"5":{"start":{"line":62,"column":28},"end":{"line":62,"column":63}},"6":{"start":{"line":67,"column":37},"end":{"line":91,"column":3}},"7":{"start":{"line":72,"column":2},"end":{"line":91,"column":3}},"8":{"start":{"line":76,"column":6},"end":{"line":89,"column":7}},"9":{"start":{"line":87,"column":31},"end":{"line":87,"column":59}},"10":{"start":{"line":88,"column":28},"end":{"line":88,"column":69}},"11":{"start":{"line":93,"column":34},"end":{"line":116,"column":3}},"12":{"start":{"line":98,"column":2},"end":{"line":116,"column":3}},"13":{"start":{"line":102,"column":6},"end":{"line":114,"column":7}},"14":{"start":{"line":112,"column":31},"end":{"line":112,"column":56}},"15":{"start":{"line":113,"column":28},"end":{"line":113,"column":66}},"16":{"start":{"line":118,"column":37},"end":{"line":141,"column":3}},"17":{"start":{"line":123,"column":2},"end":{"line":141,"column":3}},"18":{"start":{"line":127,"column":6},"end":{"line":139,"column":7}},"19":{"start":{"line":137,"column":18},"end":{"line":137,"column":43}},"20":{"start":{"line":138,"column":28},"end":{"line":138,"column":68}}},"fnMap":{"0":{"name":"(anonymous_0)","decl":{"start":{"line":33,"column":33},"end":{"line":33,"column":34}},"loc":{"start":{"line":38,"column":2},"end":{"line":65,"column":3}},"line":38},"1":{"name":"(anonymous_1)","decl":{"start":{"line":46,"column":13},"end":{"line":46,"column":14}},"loc":{"start":{"line":46,"column":19},"end":{"line":46,"column":29}},"line":46},"2":{"name":"(anonymous_2)","decl":{"start":{"line":48,"column":13},"end":{"line":48,"column":14}},"loc":{"start":{"line":49,"column":6},"end":{"line":63,"column":7}},"line":49},"3":{"name":"(anonymous_3)","decl":{"start":{"line":61,"column":12},"end":{"line":61,"column":13}},"loc":{"start":{"line":61,"column":31},"end":{"line":61,"column":75}},"line":61},"4":{"name":"(anonymous_4)","decl":{"start":{"line":62,"column":19},"end":{"line":62,"column":20}},"loc":{"start":{"line":62,"column":28},"end":{"line":62,"column":63}},"line":62},"5":{"name":"(anonymous_5)","decl":{"start":{"line":67,"column":37},"end":{"line":67,"column":38}},"loc":{"start":{"line":72,"column":2},"end":{"line":91,"column":3}},"line":72},"6":{"name":"(anonymous_6)","decl":{"start":{"line":75,"column":13},"end":{"line":75,"column":14}},"loc":{"start":{"line":76,"column":6},"end":{"line":89,"column":7}},"line":76},"7":{"name":"(anonymous_7)","decl":{"start":{"line":87,"column":12},"end":{"line":87,"column":13}},"loc":{"start":{"line":87,"column":31},"end":{"line":87,"column":59}},"line":87},"8":{"name":"(anonymous_8)","decl":{"start":{"line":88,"column":19},"end":{"line":88,"column":20}},"loc":{"start":{"line":88,"column":28},"end":{"line":88,"column":69}},"line":88},"9":{"name":"(anonymous_9)","decl":{"start":{"line":93,"column":34},"end":{"line":93,"column":35}},"loc":{"start":{"line":98,"column":2},"end":{"line":116,"column":3}},"line":98},"10":{"name":"(anonymous_10)","decl":{"start":{"line":101,"column":13},"end":{"line":101,"column":14}},"loc":{"start":{"line":102,"column":6},"end":{"line":114,"column":7}},"line":102},"11":{"name":"(anonymous_11)","decl":{"start":{"line":112,"column":12},"end":{"line":112,"column":13}},"loc":{"start":{"line":112,"column":31},"end":{"line":112,"column":56}},"line":112},"12":{"name":"(anonymous_12)","decl":{"start":{"line":113,"column":19},"end":{"line":113,"column":20}},"loc":{"start":{"line":113,"column":28},"end":{"line":113,"column":66}},"line":113},"13":{"name":"(anonymous_13)","decl":{"start":{"line":118,"column":37},"end":{"line":118,"column":38}},"loc":{"start":{"line":123,"column":2},"end":{"line":141,"column":3}},"line":123},"14":{"name":"(anonymous_14)","decl":{"start":{"line":126,"column":13},"end":{"line":126,"column":14}},"loc":{"start":{"line":127,"column":6},"end":{"line":139,"column":7}},"line":127},"15":{"name":"(anonymous_15)","decl":{"start":{"line":137,"column":12},"end":{"line":137,"column":13}},"loc":{"start":{"line":137,"column":18},"end":{"line":137,"column":43}},"line":137},"16":{"name":"(anonymous_16)","decl":{"start":{"line":138,"column":19},"end":{"line":138,"column":20}},"loc":{"start":{"line":138,"column":28},"end":{"line":138,"column":68}},"line":138}},"branchMap":{},"s":{"0":10,"1":11,"2":2,"3":1,"4":1,"5":0,"6":10,"7":10,"8":0,"9":0,"10":0,"11":10,"12":10,"13":0,"14":0,"15":0,"16":10,"17":10,"18":0,"19":0,"20":0},"f":{"0":11,"1":2,"2":1,"3":1,"4":0,"5":10,"6":0,"7":0,"8":0,"9":10,"10":0,"11":0,"12":0,"13":10,"14":0,"15":0,"16":0},"b":{},"_coverageSchema":"332fd63041d2c1bcb487cc26dd0d5f7d97098a6c","hash":"ba846936d9f97d78b2ea9fb1e5d746fea8aa34bd"}
,"/Users/pavel/Sites/11coders/my-contacts-client/src/redux/epics/index.ts": {"path":"/Users/pavel/Sites/11coders/my-contacts-client/src/redux/epics/index.ts","statementMap":{"0":{"start":{"line":6,"column":24},"end":{"line":6,"column":75}}},"fnMap":{},"branchMap":{},"s":{"0":10},"f":{},"b":{},"_coverageSchema":"332fd63041d2c1bcb487cc26dd0d5f7d97098a6c","hash":"f56f49907587fc1ba712c63498857bbf2e51078d"}
,"/Users/pavel/Sites/11coders/my-contacts-client/src/redux/epics/session.ts": {"path":"/Users/pavel/Sites/11coders/my-contacts-client/src/redux/epics/session.ts","statementMap":{"0":{"start":{"line":16,"column":32},"end":{"line":39,"column":3}},"1":{"start":{"line":21,"column":2},"end":{"line":39,"column":3}},"2":{"start":{"line":24,"column":6},"end":{"line":37,"column":7}},"3":{"start":{"line":35,"column":31},"end":{"line":35,"column":68}},"4":{"start":{"line":36,"column":28},"end":{"line":36,"column":68}},"5":{"start":{"line":41,"column":36},"end":{"line":54,"column":3}},"6":{"start":{"line":46,"column":2},"end":{"line":54,"column":3}},"7":{"start":{"line":50,"column":6},"end":{"line":50,"column":70}},"8":{"start":{"line":51,"column":6},"end":{"line":51,"column":37}},"9":{"start":{"line":52,"column":6},"end":{"line":52,"column":40}},"10":{"start":{"line":56,"column":33},"end":{"line":68,"column":3}},"11":{"start":{"line":61,"column":2},"end":{"line":68,"column":3}},"12":{"start":{"line":64,"column":6},"end":{"line":64,"column":36}},"13":{"start":{"line":65,"column":6},"end":{"line":65,"column":33}},"14":{"start":{"line":66,"column":6},"end":{"line":66,"column":24}}},"fnMap":{"0":{"name":"(anonymous_0)","decl":{"start":{"line":16,"column":32},"end":{"line":16,"column":33}},"loc":{"start":{"line":21,"column":2},"end":{"line":39,"column":3}},"line":21},"1":{"name":"(anonymous_1)","decl":{"start":{"line":23,"column":13},"end":{"line":23,"column":14}},"loc":{"start":{"line":24,"column":6},"end":{"line":37,"column":7}},"line":24},"2":{"name":"(anonymous_2)","decl":{"start":{"line":35,"column":12},"end":{"line":35,"column":13}},"loc":{"start":{"line":35,"column":31},"end":{"line":35,"column":68}},"line":35},"3":{"name":"(anonymous_3)","decl":{"start":{"line":36,"column":19},"end":{"line":36,"column":20}},"loc":{"start":{"line":36,"column":28},"end":{"line":36,"column":68}},"line":36},"4":{"name":"(anonymous_4)","decl":{"start":{"line":41,"column":36},"end":{"line":41,"column":37}},"loc":{"start":{"line":46,"column":2},"end":{"line":54,"column":3}},"line":46},"5":{"name":"(anonymous_5)","decl":{"start":{"line":49,"column":8},"end":{"line":49,"column":9}},"loc":{"start":{"line":49,"column":34},"end":{"line":53,"column":5}},"line":49},"6":{"name":"(anonymous_6)","decl":{"start":{"line":56,"column":33},"end":{"line":56,"column":34}},"loc":{"start":{"line":61,"column":2},"end":{"line":68,"column":3}},"line":61},"7":{"name":"(anonymous_7)","decl":{"start":{"line":63,"column":8},"end":{"line":63,"column":9}},"loc":{"start":{"line":63,"column":14},"end":{"line":67,"column":5}},"line":63}},"branchMap":{},"s":{"0":10,"1":11,"2":3,"3":3,"4":0,"5":10,"6":11,"7":4,"8":4,"9":3,"10":10,"11":11,"12":1,"13":1,"14":1},"f":{"0":11,"1":3,"2":3,"3":0,"4":11,"5":4,"6":11,"7":1},"b":{},"_coverageSchema":"332fd63041d2c1bcb487cc26dd0d5f7d97098a6c","hash":"7d427559dc6a232bcc809ccf66a1de249f7365e5"}
,"/Users/pavel/Sites/11coders/my-contacts-client/src/redux/epics/user.ts": {"path":"/Users/pavel/Sites/11coders/my-contacts-client/src/redux/epics/user.ts","statementMap":{"0":{"start":{"line":14,"column":28},"end":{"line":29,"column":3}},"1":{"start":{"line":15,"column":2},"end":{"line":29,"column":3}},"2":{"start":{"line":18,"column":6},"end":{"line":27,"column":7}},"3":{"start":{"line":25,"column":31},"end":{"line":25,"column":56}},"4":{"start":{"line":26,"column":28},"end":{"line":26,"column":65}},"5":{"start":{"line":31,"column":30},"end":{"line":50,"column":3}},"6":{"start":{"line":32,"column":2},"end":{"line":50,"column":3}},"7":{"start":{"line":35,"column":6},"end":{"line":48,"column":7}},"8":{"start":{"line":46,"column":18},"end":{"line":46,"column":39}},"9":{"start":{"line":47,"column":28},"end":{"line":47,"column":66}}},"fnMap":{"0":{"name":"(anonymous_0)","decl":{"start":{"line":14,"column":28},"end":{"line":14,"column":29}},"loc":{"start":{"line":15,"column":2},"end":{"line":29,"column":3}},"line":15},"1":{"name":"(anonymous_1)","decl":{"start":{"line":17,"column":13},"end":{"line":17,"column":14}},"loc":{"start":{"line":18,"column":6},"end":{"line":27,"column":7}},"line":18},"2":{"name":"(anonymous_2)","decl":{"start":{"line":25,"column":12},"end":{"line":25,"column":13}},"loc":{"start":{"line":25,"column":31},"end":{"line":25,"column":56}},"line":25},"3":{"name":"(anonymous_3)","decl":{"start":{"line":26,"column":19},"end":{"line":26,"column":20}},"loc":{"start":{"line":26,"column":28},"end":{"line":26,"column":65}},"line":26},"4":{"name":"(anonymous_4)","decl":{"start":{"line":31,"column":30},"end":{"line":31,"column":31}},"loc":{"start":{"line":32,"column":2},"end":{"line":50,"column":3}},"line":32},"5":{"name":"(anonymous_5)","decl":{"start":{"line":34,"column":13},"end":{"line":34,"column":14}},"loc":{"start":{"line":35,"column":6},"end":{"line":48,"column":7}},"line":35},"6":{"name":"(anonymous_6)","decl":{"start":{"line":46,"column":12},"end":{"line":46,"column":13}},"loc":{"start":{"line":46,"column":18},"end":{"line":46,"column":39}},"line":46},"7":{"name":"(anonymous_7)","decl":{"start":{"line":47,"column":19},"end":{"line":47,"column":20}},"loc":{"start":{"line":47,"column":28},"end":{"line":47,"column":66}},"line":47}},"branchMap":{},"s":{"0":10,"1":10,"2":2,"3":2,"4":0,"5":10,"6":10,"7":1,"8":1,"9":0},"f":{"0":10,"1":2,"2":2,"3":0,"4":10,"5":1,"6":1,"7":0},"b":{},"_coverageSchema":"332fd63041d2c1bcb487cc26dd0d5f7d97098a6c","hash":"cb1e9fcf94bafeb18e7541ed2e554005f02f2879"}
[...]
,"/Users/pavel/Sites/11coders/my-contacts-client/src/selectors/index.ts": {"path":"/Users/pavel/Sites/11coders/my-contacts-client/src/selectors/index.ts","statementMap":{"0":{"start":{"line":1,"column":20},"end":{"line":1,"column":46}},"1":{"start":{"line":1,"column":36},"end":{"line":1,"column":46}},"2":{"start":{"line":2,"column":24},"end":{"line":2,"column":54}},"3":{"start":{"line":2,"column":40},"end":{"line":2,"column":54}},"4":{"start":{"line":3,"column":24},"end":{"line":3,"column":52}},"5":{"start":{"line":3,"column":40},"end":{"line":3,"column":52}}},"fnMap":{"0":{"name":"(anonymous_0)","decl":{"start":{"line":1,"column":20},"end":{"line":1,"column":21}},"loc":{"start":{"line":1,"column":36},"end":{"line":1,"column":46}},"line":1},"1":{"name":"(anonymous_1)","decl":{"start":{"line":2,"column":24},"end":{"line":2,"column":25}},"loc":{"start":{"line":2,"column":40},"end":{"line":2,"column":54}},"line":2},"2":{"name":"(anonymous_2)","decl":{"start":{"line":3,"column":24},"end":{"line":3,"column":25}},"loc":{"start":{"line":3,"column":40},"end":{"line":3,"column":52}},"line":3}},"branchMap":{},"s":{"0":10,"1":9,"2":10,"3":2,"4":10,"5":4},"f":{"0":9,"1":2,"2":4},"b":{},"_coverageSchema":"332fd63041d2c1bcb487cc26dd0d5f7d97098a6c","hash":"42466bfd3cf8e037a10ea54ed1966d23ba7ed611"}
,"/Users/pavel/Sites/11coders/my-contacts-client/src/themes/default.ts": {"path":"/Users/pavel/Sites/11coders/my-contacts-client/src/themes/default.ts","statementMap":{"0":{"start":{"line":5,"column":14},"end":{"line":13,"column":2}}},"fnMap":{},"branchMap":{},"s":{"0":1},"f":{},"b":{},"_coverageSchema":"332fd63041d2c1bcb487cc26dd0d5f7d97098a6c","hash":"3a8c72a8b36b763e1f5c568466088550404c8088"}
,"/Users/pavel/Sites/11coders/my-contacts-client/src/utils/api-client.ts": {"path":"/Users/pavel/Sites/11coders/my-contacts-client/src/utils/api-client.ts","statementMap":{"0":{"start":{"line":1,"column":0},"end":{"line":null,"column":-1}},"1":{"start":{"line":2,"column":0},"end":{"line":null,"column":-1}},"2":{"start":{"line":3,"column":0},"end":{"line":null,"column":-1}},"3":{"start":{"line":4,"column":0},"end":{"line":null,"column":-1}},"4":{"start":{"line":10,"column":4},"end":{"line":null,"column":-1}},"5":{"start":{"line":11,"column":4},"end":{"line":null,"column":-1}},"6":{"start":{"line":28,"column":5},"end":{"line":28,"column":4}},"7":{"start":{"line":28,"column":5},"end":{"line":null,"column":-1}},"8":{"start":{"line":29,"column":4},"end":{"line":31,"column":5}},"9":{"start":{"line":30,"column":6},"end":{"line":null,"column":-1}},"10":{"start":{"line":33,"column":23},"end":{"line":33,"column":4}},"11":{"start":{"line":34,"column":4},"end":{"line":38,"column":5}},"12":{"start":{"line":35,"column":6},"end":{"line":null,"column":-1}},"13":{"start":{"line":40,"column":33},"end":{"line":40,"column":4}},"14":{"start":{"line":41,"column":24},"end":{"line":41,"column":6}},"15":{"start":{"line":43,"column":8},"end":{"line":42,"column":6}},"16":{"start":{"line":44,"column":6},"end":{"line":null,"column":-1}},"17":{"start":{"line":45,"column":20},"end":{"line":45,"column":8}},"18":{"start":{"line":46,"column":8},"end":{"line":52,"column":9}},"19":{"start":{"line":47,"column":24},"end":{"line":47,"column":10}},"20":{"start":{"line":48,"column":10},"end":{"line":51,"column":11}},"21":{"start":{"line":49,"column":30},"end":{"line":49,"column":12}},"22":{"start":{"line":50,"column":12},"end":{"line":null,"column":-1}},"23":{"start":{"line":54,"column":32},"end":{"line":40,"column":46}},"24":{"start":{"line":55,"column":6},"end":{"line":60,"column":7}},"25":{"start":{"line":56,"column":22},"end":{"line":56,"column":8}},"26":{"start":{"line":57,"column":8},"end":{"line":59,"column":9}},"27":{"start":{"line":58,"column":10},"end":{"line":null,"column":-1}},"28":{"start":{"line":61,"column":6},"end":{"line":null,"column":-1}},"29":{"start":{"line":62,"column":6},"end":{"line":null,"column":-1}},"30":{"start":{"line":65,"column":32},"end":{"line":65,"column":4}},"31":{"start":{"line":66,"column":6},"end":{"line":null,"column":-1}},"32":{"start":{"line":69,"column":20},"end":{"line":69,"column":4}},"33":{"start":{"line":82,"column":4},"end":{"line":28,"column":5}},"34":{"start":{"line":86,"column":6},"end":{"line":null,"column":-1}},"35":{"start":{"line":90,"column":4},"end":{"line":null,"column":-1}}},"fnMap":{"0":{"name":"(anonymous_0)","decl":{"start":{"line":9,"column":2},"end":{"line":9,"column":12}},"loc":{"start":{"line":9,"column":44},"end":{"line":12,"column":3}}},"1":{"name":"(anonymous_1)","decl":{"start":{"line":13,"column":9},"end":{"line":13,"column":1}},"loc":{"start":{"line":28,"column":5},"end":{"line":91,"column":3}}},"2":{"name":"(anonymous_2)","decl":{"start":{"line":40,"column":33},"end":{"line":40,"column":31}},"loc":{"start":{"line":40,"column":46},"end":{"line":40,"column":4}}},"3":{"name":"(anonymous_3)","decl":{"start":{"line":44,"column":37},"end":{"line":44,"column":42}},"loc":{"start":{"line":44,"column":47},"end":{"line":44,"column":6}}},"4":{"name":"(anonymous_4)","decl":{"start":{"line":65,"column":32},"end":{"line":65,"column":30}},"loc":{"start":{"line":65,"column":45},"end":{"line":65,"column":4}}}},"branchMap":{"0":{"loc":{"start":{"line":18,"column":25},"end":{"line":28,"column":5}},"type":"cond-expr","locations":[{"start":{"line":18,"column":25},"end":{"line":28,"column":5}},{"start":{"line":28,"column":5},"end":{"line":null,"column":-1}}]},"1":{"loc":{"start":{"line":19,"column":26},"end":{"line":28,"column":5}},"type":"cond-expr","locations":[{"start":{"line":19,"column":26},"end":{"line":28,"column":5}},{"start":{"line":28,"column":5},"end":{"line":null,"column":-1}}]},"2":{"loc":{"start":{"line":29,"column":4},"end":{"line":31,"column":5}},"type":"if","locations":[{"start":{"line":29,"column":4},"end":{"line":31,"column":5}},{"start":{"line":29,"column":4},"end":{"line":31,"column":5}}]},"3":{"loc":{"start":{"line":29,"column":8},"end":{"line":29,"column":16}},"type":"binary-expr","locations":[{"start":{"line":29,"column":8},"end":{"line":29,"column":16}},{"start":{"line":29,"column":20},"end":{"line":29,"column":8}},{"start":{"line":29,"column":30},"end":{"line":29,"column":4}}]},"4":{"loc":{"start":{"line":34,"column":4},"end":{"line":38,"column":5}},"type":"if","locations":[{"start":{"line":34,"column":4},"end":{"line":38,"column":5}},{"start":{"line":34,"column":4},"end":{"line":38,"column":5}}]},"5":{"loc":{"start":{"line":46,"column":8},"end":{"line":52,"column":9}},"type":"if","locations":[{"start":{"line":46,"column":8},"end":{"line":52,"column":9}},{"start":{"line":46,"column":8},"end":{"line":52,"column":9}}]},"6":{"loc":{"start":{"line":48,"column":10},"end":{"line":51,"column":11}},"type":"if","locations":[{"start":{"line":48,"column":10},"end":{"line":51,"column":11}},{"start":{"line":48,"column":10},"end":{"line":51,"column":11}}]},"7":{"loc":{"start":{"line":48,"column":14},"end":{"line":48,"column":19}},"type":"binary-expr","locations":[{"start":{"line":48,"column":14},"end":{"line":48,"column":19}},{"start":{"line":48,"column":23},"end":{"line":48,"column":10}}]},"8":{"loc":{"start":{"line":55,"column":6},"end":{"line":60,"column":7}},"type":"if","locations":[{"start":{"line":55,"column":6},"end":{"line":60,"column":7}},{"start":{"line":55,"column":6},"end":{"line":60,"column":7}}]},"9":{"loc":{"start":{"line":57,"column":8},"end":{"line":59,"column":9}},"type":"if","locations":[{"start":{"line":57,"column":8},"end":{"line":59,"column":9}},{"start":{"line":57,"column":8},"end":{"line":59,"column":9}}]},"10":{"loc":{"start":{"line":57,"column":12},"end":{"line":57,"column":17}},"type":"binary-expr","locations":[{"start":{"line":57,"column":12},"end":{"line":57,"column":17}},{"start":{"line":57,"column":21},"end":{"line":57,"column":8}}]},"11":{"loc":{"start":{"line":82,"column":4},"end":{"line":28,"column":5}},"type":"if","locations":[{"start":{"line":82,"column":4},"end":{"line":28,"column":5}},{"start":{"line":82,"column":4},"end":{"line":28,"column":5}}]},"12":{"loc":{"start":{"line":83,"column":6},"end":{"line":83,"column":5}},"type":"binary-expr","locations":[{"start":{"line":83,"column":6},"end":{"line":83,"column":5}},{"start":{"line":84,"column":7},"end":{"line":84,"column":37}},{"start":{"line":84,"column":38},"end":{"line":83,"column":6}}]}},"s":{"0":0,"1":0,"2":0,"3":0,"4":0,"5":0,"6":0,"7":0,"8":0,"9":0,"10":0,"11":0,"12":0,"13":0,"14":0,"15":0,"16":0,"17":0,"18":0,"19":0,"20":0,"21":0,"22":0,"23":0,"24":0,"25":0,"26":0,"27":0,"28":0,"29":0,"30":0,"31":0,"32":0,"33":0,"34":0,"35":0},"f":{"0":0,"1":0,"2":0,"3":0,"4":0},"b":{"0":[0,0],"1":[0,0],"2":[0,0],"3":[0,0,0],"4":[0,0],"5":[0,0],"6":[0,0],"7":[0,0],"8":[0,0],"9":[0,0],"10":[0,0],"11":[0,0],"12":[0,0,0]}}
,"/Users/pavel/Sites/11coders/my-contacts-client/src/utils/app-context.tsx": {"path":"/Users/pavel/Sites/11coders/my-contacts-client/src/utils/app-context.tsx","statementMap":{"0":{"start":{"line":7,"column":36},"end":{"line":9,"column":1}},"1":{"start":{"line":11,"column":26},"end":{"line":11,"column":61}},"2":{"start":{"line":14,"column":2},"end":{"line":20,"column":3}},"3":{"start":{"line":15,"column":4},"end":{"line":19,"column":5}},"4":{"start":{"line":17,"column":23},"end":{"line":17,"column":63}}},"fnMap":{"0":{"name":"withAppContext","decl":{"start":{"line":13,"column":16},"end":{"line":13,"column":30}},"loc":{"start":{"line":13,"column":47},"end":{"line":21,"column":1}},"line":13},"1":{"name":"ComponentWithAppContext","decl":{"start":{"line":14,"column":18},"end":{"line":14,"column":41}},"loc":{"start":{"line":14,"column":54},"end":{"line":20,"column":3}},"line":14},"2":{"name":"(anonymous_2)","decl":{"start":{"line":17,"column":9},"end":{"line":17,"column":10}},"loc":{"start":{"line":17,"column":23},"end":{"line":17,"column":63}},"line":17}},"branchMap":{},"s":{"0":1,"1":1,"2":0,"3":0,"4":0},"f":{"0":0,"1":0,"2":0},"b":{},"_coverageSchema":"332fd63041d2c1bcb487cc26dd0d5f7d97098a6c","hash":"794764f14e19b624586ab78a3465367a9018e832"}
,"/Users/pavel/Sites/11coders/my-contacts-client/src/utils/compose.ts": {"path":"/Users/pavel/Sites/11coders/my-contacts-client/src/utils/compose.ts","statementMap":{"0":{"start":{"line":1,"column":16},"end":{"line":2,"column":78}},"1":{"start":{"line":2,"column":2},"end":{"line":2,"column":78}},"2":{"start":{"line":2,"column":25},"end":{"line":2,"column":58}},"3":{"start":{"line":2,"column":45},"end":{"line":2,"column":58}},"4":{"start":{"line":2,"column":74},"end":{"line":2,"column":77}}},"fnMap":{"0":{"name":"(anonymous_0)","decl":{"start":{"line":1,"column":16},"end":{"line":1,"column":17}},"loc":{"start":{"line":2,"column":2},"end":{"line":2,"column":78}},"line":2},"1":{"name":"(anonymous_1)","decl":{"start":{"line":2,"column":15},"end":{"line":2,"column":16}},"loc":{"start":{"line":2,"column":25},"end":{"line":2,"column":58}},"line":2},"2":{"name":"(anonymous_2)","decl":{"start":{"line":2,"column":25},"end":{"line":2,"column":26}},"loc":{"start":{"line":2,"column":45},"end":{"line":2,"column":58}},"line":2},"3":{"name":"(anonymous_3)","decl":{"start":{"line":2,"column":60},"end":{"line":2,"column":61}},"loc":{"start":{"line":2,"column":74},"end":{"line":2,"column":77}},"line":2}},"branchMap":{},"s":{"0":5,"1":9,"2":14,"3":14,"4":9},"f":{"0":9,"1":14,"2":14,"3":9},"b":{},"_coverageSchema":"332fd63041d2c1bcb487cc26dd0d5f7d97098a6c","hash":"5764a24263bcd0cf83c1fc8421eda50d1f6a952f"}
,"/Users/pavel/Sites/11coders/my-contacts-client/src/utils/create-reducer.ts": {"path":"/Users/pavel/Sites/11coders/my-contacts-client/src/utils/create-reducer.ts","statementMap":{"0":{"start":{"line":3,"column":22},"end":{"line":6,"column":75}},"1":{"start":{"line":3,"column":63},"end":{"line":6,"column":75}},"2":{"start":{"line":6,"column":6},"end":{"line":6,"column":74}}},"fnMap":{"0":{"name":"(anonymous_0)","decl":{"start":{"line":3,"column":22},"end":{"line":3,"column":23}},"loc":{"start":{"line":3,"column":63},"end":{"line":6,"column":75}},"line":3},"1":{"name":"(anonymous_1)","decl":{"start":{"line":3,"column":63},"end":{"line":3,"column":64}},"loc":{"start":{"line":6,"column":6},"end":{"line":6,"column":74}},"line":6}},"branchMap":{"0":{"loc":{"start":{"line":4,"column":2},"end":{"line":4,"column":33}},"type":"default-arg","locations":[{"start":{"line":4,"column":10},"end":{"line":4,"column":33}}],"line":4},"1":{"loc":{"start":{"line":6,"column":6},"end":{"line":6,"column":74}},"type":"cond-expr","locations":[{"start":{"line":6,"column":30},"end":{"line":6,"column":66}},{"start":{"line":6,"column":69},"end":{"line":6,"column":74}}],"line":6}},"s":{"0":10,"1":40,"2":164},"f":{"0":40,"1":164},"b":{"0":[120],"1":[10,154]},"_coverageSchema":"332fd63041d2c1bcb487cc26dd0d5f7d97098a6c","hash":"b1e38518a3ce071887325072a0eba66366e23242"}
,"/Users/pavel/Sites/11coders/my-contacts-client/src/utils/manage-cookies.ts": {"path":"/Users/pavel/Sites/11coders/my-contacts-client/src/utils/manage-cookies.ts","statementMap":{"0":{"start":{"line":6,"column":16},"end":{"line":6,"column":18}},"1":{"start":{"line":7,"column":2},"end":{"line":10,"column":3}},"2":{"start":{"line":8,"column":17},"end":{"line":8,"column":41}},"3":{"start":{"line":9,"column":4},"end":{"line":9,"column":47}},"4":{"start":{"line":11,"column":2},"end":{"line":11,"column":56}},"5":{"start":{"line":12,"column":2},"end":{"line":12,"column":14}},"6":{"start":{"line":16,"column":17},"end":{"line":16,"column":27}},"7":{"start":{"line":17,"column":13},"end":{"line":17,"column":39}},"8":{"start":{"line":18,"column":2},"end":{"line":25,"column":3}},"9":{"start":{"line":19,"column":4},"end":{"line":21,"column":5}},"10":{"start":{"line":20,"column":6},"end":{"line":20,"column":34}},"11":{"start":{"line":22,"column":4},"end":{"line":24,"column":5}},"12":{"start":{"line":23,"column":6},"end":{"line":23,"column":49}},"13":{"start":{"line":26,"column":2},"end":{"line":26,"column":13}},"14":{"start":{"line":30,"column":2},"end":{"line":30,"column":28}}},"fnMap":{"0":{"name":"createCookie","decl":{"start":{"line":1,"column":16},"end":{"line":1,"column":28}},"loc":{"start":{"line":5,"column":2},"end":{"line":13,"column":1}},"line":5},"1":{"name":"readCookie","decl":{"start":{"line":15,"column":16},"end":{"line":15,"column":26}},"loc":{"start":{"line":15,"column":41},"end":{"line":27,"column":1}},"line":15},"2":{"name":"eraseCookie","decl":{"start":{"line":29,"column":16},"end":{"line":29,"column":27}},"loc":{"start":{"line":29,"column":42},"end":{"line":31,"column":1}},"line":29}},"branchMap":{"0":{"loc":{"start":{"line":7,"column":2},"end":{"line":10,"column":3}},"type":"if","locations":[{"start":{"line":7,"column":2},"end":{"line":10,"column":3}},{"start":{"line":7,"column":2},"end":{"line":10,"column":3}}],"line":7},"1":{"loc":{"start":{"line":22,"column":4},"end":{"line":24,"column":5}},"type":"if","locations":[{"start":{"line":22,"column":4},"end":{"line":24,"column":5}},{"start":{"line":22,"column":4},"end":{"line":24,"column":5}}],"line":22}},"s":{"0":7,"1":7,"2":2,"3":2,"4":7,"5":7,"6":2,"7":2,"8":2,"9":2,"10":0,"11":2,"12":1,"13":1,"14":2},"f":{"0":7,"1":2,"2":2},"b":{"0":[2,5],"1":[1,1]},"_coverageSchema":"332fd63041d2c1bcb487cc26dd0d5f7d97098a6c","hash":"6ae7d8f4f6fa3deda36f6080a9fa519a5368dd04"}
,"/Users/pavel/Sites/11coders/my-contacts-client/src/utils/mock-api-client.ts": {"path":"/Users/pavel/Sites/11coders/my-contacts-client/src/utils/mock-api-client.ts","statementMap":{"0":{"start":{"line":1,"column":46},"end":{"line":34,"column":1}},"1":{"start":{"line":36,"column":28},"end":{"line":44,"column":1}},"2":{"start":{"line":43,"column":2},"end":{"line":43,"column":31}},"3":{"start":{"line":46,"column":25},"end":{"line":49,"column":1}},"4":{"start":{"line":47,"column":28},"end":{"line":47,"column":65}}},"fnMap":{"0":{"name":"(anonymous_0)","decl":{"start":{"line":36,"column":28},"end":{"line":36,"column":29}},"loc":{"start":{"line":42,"column":6},"end":{"line":44,"column":1}},"line":42},"1":{"name":"(anonymous_1)","decl":{"start":{"line":47,"column":11},"end":{"line":47,"column":12}},"loc":{"start":{"line":47,"column":28},"end":{"line":47,"column":65}},"line":47}},"branchMap":{},"s":{"0":9,"1":9,"2":6,"3":9,"4":5},"f":{"0":6,"1":5},"b":{},"_coverageSchema":"332fd63041d2c1bcb487cc26dd0d5f7d97098a6c","hash":"258ac5a997427b559e342818dda63364335d9e16"}
,"/Users/pavel/Sites/11coders/my-contacts-client/src/utils/private-route.tsx": {"path":"/Users/pavel/Sites/11coders/my-contacts-client/src/utils/private-route.tsx","statementMap":{"0":{"start":{"line":8,"column":18},"end":{"line":10,"column":2}},"1":{"start":{"line":16,"column":21},"end":{"line":22,"column":1}},"2":{"start":{"line":21,"column":2},"end":{"line":21,"column":68}}},"fnMap":{"0":{"name":"(anonymous_0)","decl":{"start":{"line":16,"column":21},"end":{"line":16,"column":22}},"loc":{"start":{"line":21,"column":2},"end":{"line":21,"column":68}},"line":21}},"branchMap":{"0":{"loc":{"start":{"line":21,"column":30},"end":{"line":21,"column":64}},"type":"cond-expr","locations":[{"start":{"line":21,"column":47},"end":{"line":21,"column":56}},{"start":{"line":21,"column":59},"end":{"line":21,"column":64}}],"line":21}},"s":{"0":1,"1":1,"2":1},"f":{"0":1},"b":{"0":[0,1]},"_coverageSchema":"332fd63041d2c1bcb487cc26dd0d5f7d97098a6c","hash":"13bf995f7ddd35be378bf9f65e8932e3477631d8"}
,"/Users/pavel/Sites/11coders/my-contacts-client/src/utils/render-with-redux.tsx": {"path":"/Users/pavel/Sites/11coders/my-contacts-client/src/utils/render-with-redux.tsx","statementMap":{"0":{"start":{"line":8,"column":14},"end":{"line":8,"column":58}},"1":{"start":{"line":10,"column":24},"end":{"line":22,"column":1}},"2":{"start":{"line":11,"column":2},"end":{"line":21,"column":3}}},"fnMap":{"0":{"name":"(anonymous_0)","decl":{"start":{"line":10,"column":24},"end":{"line":10,"column":25}},"loc":{"start":{"line":10,"column":37},"end":{"line":22,"column":1}},"line":10}},"branchMap":{},"s":{"0":8,"1":8,"2":8},"f":{"0":8},"b":{},"_coverageSchema":"332fd63041d2c1bcb487cc26dd0d5f7d97098a6c","hash":"b8907dc6e94c880f9b10e9d18e4ce0a9bbd526eb"}
,"/Users/pavel/Sites/11coders/my-contacts-client/src/utils/text-transform.ts": {"path":"/Users/pavel/Sites/11coders/my-contacts-client/src/utils/text-transform.ts","statementMap":{"0":{"start":{"line":1,"column":26},"end":{"line":5,"column":1}},"1":{"start":{"line":2,"column":16},"end":{"line":2,"column":33}},"2":{"start":{"line":3,"column":22},"end":{"line":3,"column":44}},"3":{"start":{"line":4,"column":2},"end":{"line":4,"column":42}},"4":{"start":{"line":7,"column":24},"end":{"line":10,"column":1}},"5":{"start":{"line":8,"column":16},"end":{"line":8,"column":50}},"6":{"start":{"line":9,"column":2},"end":{"line":9,"column":40}}},"fnMap":{"0":{"name":"(anonymous_0)","decl":{"start":{"line":1,"column":26},"end":{"line":1,"column":27}},"loc":{"start":{"line":1,"column":43},"end":{"line":5,"column":1}},"line":1},"1":{"name":"(anonymous_1)","decl":{"start":{"line":7,"column":24},"end":{"line":7,"column":25}},"loc":{"start":{"line":7,"column":41},"end":{"line":10,"column":1}},"line":7}},"branchMap":{},"s":{"0":5,"1":4,"2":4,"3":4,"4":5,"5":1,"6":1},"f":{"0":4,"1":1},"b":{},"_coverageSchema":"332fd63041d2c1bcb487cc26dd0d5f7d97098a6c","hash":"93df828c4356aaf0097f19a95f553c258b64a352"}
}
