TN:
SF:/Users/pavel/Sites/11coders/my-contacts-client/src/app.tsx
FN:8,(anonymous_0)
FNF:1
FNH:1
FNDA:1,(anonymous_0)
DA:8,1
DA:9,1
LF:2
LH:2
BRF:0
BRH:0
end_of_record
TN:
SF:/Users/pavel/Sites/11coders/my-contacts-client/src/index.tsx
FN:31,(anonymous_0)
FNF:1
FNH:0
FNDA:0,(anonymous_0)
DA:1,0
DA:2,0
DA:3,0
DA:4,0
DA:5,0
DA:6,0
DA:7,0
DA:8,0
DA:9,0
DA:11,0
DA:14,0
DA:15,0
DA:17,0
DA:18,0
DA:20,0
DA:23,0
DA:30,0
DA:31,0
DA:32,0
LF:19
LH:0
BRDA:11,0,0,0
BRDA:11,0,1,0
BRDA:17,1,0,0
BRDA:17,1,1,0
BRDA:30,2,0,0
BRDA:30,2,1,0
BRF:6
BRH:0
end_of_record
TN:
SF:/Users/pavel/Sites/11coders/my-contacts-client/src/routes.tsx
FN:10,(anonymous_0)
FNF:1
FNH:1
FNDA:1,(anonymous_0)
DA:10,1
DA:11,1
LF:2
LH:2
BRF:0
BRH:0
end_of_record
TN:
SF:/Users/pavel/Sites/11coders/my-contacts-client/src/components/table/index.tsx
FN:18,(anonymous_0)
FN:39,(anonymous_1)
FN:74,(anonymous_2)
FN:95,(anonymous_3)
FN:152,(anonymous_4)
FN:164,(anonymous_5)
FN:167,(anonymous_6)
FN:174,(anonymous_7)
FN:174,(anonymous_8)
FN:196,(anonymous_9)
FN:201,(anonymous_10)
FN:206,(anonymous_11)
FN:208,(anonymous_12)
FN:208,(anonymous_13)
FN:215,(anonymous_14)
FN:215,(anonymous_15)
FN:222,(anonymous_16)
FN:222,(anonymous_17)
FNF:18
FNH:2
FNDA:1,(anonymous_0)
FNDA:2,(anonymous_1)
FNDA:0,(anonymous_2)
FNDA:0,(anonymous_3)
FNDA:0,(anonymous_4)
FNDA:0,(anonymous_5)
FNDA:0,(anonymous_6)
FNDA:0,(anonymous_7)
FNDA:0,(anonymous_8)
FNDA:0,(anonymous_9)
FNDA:0,(anonymous_10)
FNDA:0,(anonymous_11)
FNDA:0,(anonymous_12)
FNDA:0,(anonymous_13)
FNDA:0,(anonymous_14)
FNDA:0,(anonymous_15)
FNDA:0,(anonymous_16)
FNDA:0,(anonymous_17)
DA:18,2
DA:19,1
DA:40,2
DA:41,2
DA:51,2
DA:53,2
DA:54,2
DA:75,0
DA:76,0
DA:96,0
DA:153,0
DA:154,0
DA:156,0
DA:157,0
DA:160,0
DA:161,0
DA:165,0
DA:166,0
DA:167,0
DA:169,0
DA:171,0
DA:174,0
DA:175,0
DA:176,0
DA:177,0
DA:178,0
DA:180,0
DA:181,0
DA:182,0
DA:183,0
DA:184,0
DA:185,0
DA:186,0
DA:187,0
DA:193,0
DA:197,0
DA:202,0
DA:206,0
DA:208,0
DA:209,0
DA:210,0
DA:211,0
DA:215,0
DA:216,0
DA:217,0
DA:218,0
DA:222,0
DA:223,0
DA:224,0
DA:225,0
LF:50
LH:7
BRDA:98,0,0,0
BRDA:98,0,1,0
BRDA:99,1,0,0
BRDA:99,1,1,0
BRDA:156,2,0,0
BRDA:156,2,1,0
BRDA:156,3,0,0
BRDA:156,3,1,0
BRDA:165,4,0,0
BRDA:165,4,1,0
BRDA:180,5,0,0
BRDA:180,5,1,0
BRDA:182,6,0,0
BRDA:182,6,1,0
BRDA:184,7,0,0
BRDA:184,7,1,0
BRDA:186,8,0,0
BRDA:186,8,1,0
BRDA:210,9,0,0
BRDA:210,9,1,0
BRDA:217,10,0,0
BRDA:217,10,1,0
BRDA:224,11,0,0
BRDA:224,11,1,0
BRF:24
BRH:0
end_of_record
TN:
SF:/Users/pavel/Sites/11coders/my-contacts-client/src/components/table/table-header.tsx
FN:11,(anonymous_0)
FN:14,(anonymous_1)
FN:35,(anonymous_2)
FN:64,(anonymous_3)
FN:64,(anonymous_4)
FNF:5
FNH:4
FNDA:1,(anonymous_0)
FNDA:2,(anonymous_1)
FNDA:6,(anonymous_2)
FNDA:6,(anonymous_3)
FNDA:0,(anonymous_4)
DA:11,2
DA:23,2
DA:25,2
DA:36,6
DA:64,6
DA:65,0
LF:6
LH:5
BRDA:30,0,0,2
BRDA:30,0,1,0
BRDA:40,1,0,2
BRDA:40,1,1,4
BRDA:41,2,0,2
BRDA:41,2,1,4
BRDA:45,3,0,0
BRDA:45,3,1,6
BRF:8
BRH:6
end_of_record
TN:
SF:/Users/pavel/Sites/11coders/my-contacts-client/src/components/table/utils.ts
FN:10,createData
FN:21,desc
FN:31,stableSort
FN:32,(anonymous_3)
FN:33,(anonymous_4)
FN:40,(anonymous_5)
FN:43,getSorting
FN:45,(anonymous_7)
FN:46,(anonymous_8)
FNF:9
FNH:0
FNDA:0,createData
FNDA:0,desc
FNDA:0,stableSort
FNDA:0,(anonymous_3)
FNDA:0,(anonymous_4)
FNDA:0,(anonymous_5)
FNDA:0,getSorting
FNDA:0,(anonymous_7)
FNDA:0,(anonymous_8)
DA:18,0
DA:22,0
DA:23,0
DA:25,0
DA:26,0
DA:28,0
DA:32,0
DA:33,0
DA:34,0
DA:35,0
DA:36,0
DA:38,0
DA:40,0
DA:44,0
DA:45,0
DA:46,0
LF:16
LH:0
BRDA:22,0,0,0
BRDA:22,0,1,0
BRDA:25,1,0,0
BRDA:25,1,1,0
BRDA:35,2,0,0
BRDA:35,2,1,0
BRDA:45,3,0,0
BRDA:45,3,1,0
BRF:8
BRH:0
end_of_record
TN:
SF:/Users/pavel/Sites/11coders/my-contacts-client/src/components/table/table-toolbar/index.tsx
FN:16,(anonymous_0)
FNF:1
FNH:1
FNDA:2,(anonymous_0)
DA:16,2
DA:17,2
DA:19,2
LF:3
LH:3
BRDA:26,0,0,0
BRDA:26,0,1,2
BRDA:37,1,0,2
BRDA:37,1,1,2
BRDA:37,1,2,2
BRDA:37,1,3,2
BRDA:49,2,0,2
BRDA:49,2,1,0
BRF:8
BRH:6
end_of_record
TN:
SF:/Users/pavel/Sites/11coders/my-contacts-client/src/components/table/table-toolbar/search-form.tsx
FN:16,(anonymous_0)
FN:20,(anonymous_1)
FN:29,(anonymous_2)
FN:52,(anonymous_3)
FN:52,(anonymous_4)
FNF:5
FNH:5
FNDA:2,(anonymous_0)
FNDA:2,(anonymous_1)
FNDA:2,(anonymous_2)
FNDA:2,(anonymous_3)
FNDA:2,(anonymous_4)
DA:16,2
DA:17,2
DA:20,2
DA:26,2
DA:34,2
DA:52,2
DA:53,2
LF:7
LH:7
BRDA:23,0,0,0
BRDA:24,1,0,2
BRDA:37,2,0,2
BRDA:37,2,1,0
BRF:4
BRH:2
end_of_record
TN:
SF:/Users/pavel/Sites/11coders/my-contacts-client/src/components/table/table-toolbar/styles.ts
FN:3,(anonymous_0)
FNF:1
FNH:1
FNDA:1,(anonymous_0)
DA:3,2
DA:4,1
LF:2
LH:2
BRDA:9,0,0,1
BRDA:9,0,1,0
BRF:2
BRH:1
end_of_record
TN:
SF:/Users/pavel/Sites/11coders/my-contacts-client/src/components/ui/input/checkbox.tsx
FN:5,(anonymous_0)
FNF:1
FNH:1
FNDA:1,(anonymous_0)
DA:10,1
LF:1
LH:1
BRF:0
BRH:0
end_of_record
TN:
SF:/Users/pavel/Sites/11coders/my-contacts-client/src/components/ui/input/error-field.tsx
FN:7,(anonymous_0)
FN:15,(anonymous_1)
FN:20,(anonymous_2)
FNF:3
FNH:3
FNDA:3,(anonymous_0)
FNDA:43,(anonymous_1)
FNDA:43,(anonymous_2)
DA:7,4
DA:8,3
DA:15,4
DA:16,43
DA:21,43
LF:5
LH:5
BRDA:21,0,0,0
BRDA:21,0,1,43
BRDA:21,1,0,43
BRDA:21,1,1,0
BRF:4
BRH:2
end_of_record
TN:
SF:/Users/pavel/Sites/11coders/my-contacts-client/src/components/ui/input/radio.tsx
FN:5,(anonymous_0)
FNF:1
FNH:1
FNDA:1,(anonymous_0)
DA:10,1
LF:1
LH:1
BRF:0
BRH:0
end_of_record
TN:
SF:/Users/pavel/Sites/11coders/my-contacts-client/src/components/ui/input/text-field.tsx
FN:5,(anonymous_0)
FNF:1
FNH:1
FNDA:42,(anonymous_0)
DA:10,42
LF:1
LH:1
BRDA:13,0,0,0
BRDA:13,0,1,42
BRDA:14,1,0,42
BRDA:14,1,1,9
BRF:4
BRH:3
end_of_record
TN:
SF:/Users/pavel/Sites/11coders/my-contacts-client/src/constants/index.ts
FNF:0
FNH:0
DA:2,10
LF:1
LH:1
BRDA:2,0,0,10
BRDA:2,0,1,10
BRF:2
BRH:2
end_of_record
TN:
SF:/Users/pavel/Sites/11coders/my-contacts-client/src/layouts/main/index.tsx
FN:34,(anonymous_0)
FNF:1
FNH:1
FNDA:3,(anonymous_0)
DA:15,3
DA:20,3
DA:34,3
DA:35,3
LF:4
LH:4
BRF:0
BRH:0
end_of_record
TN:
SF:/Users/pavel/Sites/11coders/my-contacts-client/src/layouts/main/styles.ts
FN:2,(anonymous_0)
FNF:1
FNH:1
FNDA:2,(anonymous_0)
DA:3,2
LF:1
LH:1
BRF:0
BRH:0
end_of_record
TN:
SF:/Users/pavel/Sites/11coders/my-contacts-client/src/pages/contacts/columns.ts
FNF:0
FNH:0
LF:0
LH:0
BRF:0
BRH:0
end_of_record
TN:
SF:/Users/pavel/Sites/11coders/my-contacts-client/src/pages/contacts/contact-form.tsx
FN:8,(anonymous_0)
FN:8,(anonymous_1)
FNF:2
FNH:0
FNDA:0,(anonymous_0)
FNDA:0,(anonymous_1)
DA:8,2
DA:12,0
LF:2
LH:1
BRF:0
BRH:0
end_of_record
TN:
SF:/Users/pavel/Sites/11coders/my-contacts-client/src/pages/contacts/index.tsx
FN:43,(anonymous_0)
FN:47,(anonymous_1)
FN:56,(anonymous_2)
FN:57,(anonymous_3)
FN:58,(anonymous_4)
FN:62,(anonymous_5)
FN:63,(anonymous_6)
FN:63,(anonymous_7)
FNF:8
FNH:3
FNDA:2,(anonymous_0)
FNDA:1,(anonymous_1)
FNDA:0,(anonymous_2)
FNDA:0,(anonymous_3)
FNDA:0,(anonymous_4)
FNDA:0,(anonymous_5)
FNDA:6,(anonymous_6)
FNDA:0,(anonymous_7)
DA:25,2
DA:43,2
DA:44,2
DA:45,2
DA:46,2
DA:48,1
DA:49,0
DA:54,2
DA:55,2
DA:56,2
DA:57,2
DA:58,2
DA:59,0
DA:60,0
DA:62,2
DA:63,6
DA:64,0
DA:65,0
DA:66,0
DA:67,0
DA:70,2
LF:21
LH:14
BRDA:48,0,0,0
BRDA:48,0,1,1
BRDA:65,1,0,0
BRDA:65,1,1,0
BRF:4
BRH:1
end_of_record
TN:
SF:/Users/pavel/Sites/11coders/my-contacts-client/src/pages/contacts/styles.ts
FN:3,(anonymous_0)
FNF:1
FNH:1
FNDA:1,(anonymous_0)
DA:3,2
DA:4,1
LF:2
LH:2
BRF:0
BRH:0
end_of_record
TN:
SF:/Users/pavel/Sites/11coders/my-contacts-client/src/pages/contacts/modals/contact-add.tsx
FN:23,(anonymous_0)
FN:24,(anonymous_1)
FN:24,(anonymous_2)
FN:25,(anonymous_3)
FN:44,(anonymous_4)
FNF:5
FNH:1
FNDA:2,(anonymous_0)
FNDA:0,(anonymous_1)
FNDA:0,(anonymous_2)
FNDA:0,(anonymous_3)
FNDA:0,(anonymous_4)
DA:23,2
DA:24,2
DA:25,0
DA:26,2
DA:27,2
DA:45,0
LF:6
LH:4
BRF:0
BRH:0
end_of_record
TN:
SF:/Users/pavel/Sites/11coders/my-contacts-client/src/pages/contacts/modals/contact-delete.tsx
FN:16,(anonymous_0)
FN:22,(anonymous_1)
FNF:2
FNH:1
FNDA:2,(anonymous_0)
FNDA:0,(anonymous_1)
DA:16,2
DA:22,2
DA:23,0
DA:24,0
DA:26,2
LF:5
LH:3
BRF:0
BRH:0
end_of_record
TN:
SF:/Users/pavel/Sites/11coders/my-contacts-client/src/pages/contacts/modals/contact-edit.tsx
FN:24,(anonymous_0)
FN:25,(anonymous_1)
FN:25,(anonymous_2)
FN:26,(anonymous_3)
FN:47,(anonymous_4)
FNF:5
FNH:1
FNDA:2,(anonymous_0)
FNDA:0,(anonymous_1)
FNDA:0,(anonymous_2)
FNDA:0,(anonymous_3)
FNDA:0,(anonymous_4)
DA:24,2
DA:25,2
DA:26,0
DA:27,2
DA:28,2
DA:48,0
LF:6
LH:4
BRF:0
BRH:0
end_of_record
TN:
SF:/Users/pavel/Sites/11coders/my-contacts-client/src/pages/contacts/modals/contact-show.tsx
FN:15,(anonymous_0)
FNF:1
FNH:1
FNDA:2,(anonymous_0)
DA:15,2
DA:16,2
LF:2
LH:2
BRF:0
BRH:0
end_of_record
TN:
SF:/Users/pavel/Sites/11coders/my-contacts-client/src/pages/home/index.tsx
FN:21,(anonymous_0)
FNF:1
FNH:1
FNDA:1,(anonymous_0)
DA:13,1
DA:17,1
DA:21,1
DA:22,1
LF:4
LH:4
BRF:0
BRH:0
end_of_record
TN:
SF:/Users/pavel/Sites/11coders/my-contacts-client/src/pages/login/index.tsx
FN:22,(anonymous_0)
FN:37,(anonymous_1)
FN:38,(anonymous_2)
FN:38,(anonymous_3)
FN:39,(anonymous_4)
FN:68,(anonymous_5)
FNF:6
FNH:6
FNDA:12,(anonymous_0)
FNDA:2,(anonymous_1)
FNDA:4,(anonymous_2)
FNDA:1,(anonymous_3)
FNDA:1,(anonymous_4)
FNDA:4,(anonymous_5)
DA:22,2
DA:23,12
DA:24,12
DA:25,7
DA:27,12
DA:28,8
DA:30,12
DA:37,2
DA:38,4
DA:39,1
DA:40,1
DA:42,2
DA:69,4
LF:13
LH:13
BRDA:24,0,0,7
BRDA:24,0,1,5
BRDA:27,1,0,8
BRDA:27,1,1,4
BRF:4
BRH:4
end_of_record
TN:
SF:/Users/pavel/Sites/11coders/my-contacts-client/src/pages/login/login-form.tsx
FN:8,(anonymous_0)
FN:8,(anonymous_1)
FNF:2
FNH:2
FNDA:4,(anonymous_0)
FNDA:8,(anonymous_1)
DA:8,4
DA:17,8
LF:2
LH:2
BRF:0
BRH:0
end_of_record
TN:
SF:/Users/pavel/Sites/11coders/my-contacts-client/src/pages/login/styles.ts
FN:3,(anonymous_0)
FNF:1
FNH:1
FNDA:2,(anonymous_0)
DA:3,2
DA:4,2
LF:2
LH:2
BRF:0
BRH:0
end_of_record
TN:
SF:/Users/pavel/Sites/11coders/my-contacts-client/src/pages/not-found/index.tsx
FN:4,(anonymous_0)
FNF:1
FNH:1
FNDA:1,(anonymous_0)
DA:4,2
DA:5,1
LF:2
LH:2
BRF:0
BRH:0
end_of_record
TN:
SF:/Users/pavel/Sites/11coders/my-contacts-client/src/pages/signup/index.tsx
FN:17,(anonymous_0)
FN:18,(anonymous_1)
FN:18,(anonymous_2)
FN:19,(anonymous_3)
FN:41,(anonymous_4)
FNF:5
FNH:5
FNDA:1,(anonymous_0)
FNDA:2,(anonymous_1)
FNDA:1,(anonymous_2)
FNDA:1,(anonymous_3)
FNDA:2,(anonymous_4)
DA:17,2
DA:18,2
DA:19,1
DA:20,1
DA:22,1
DA:42,2
LF:6
LH:6
BRF:0
BRH:0
end_of_record
TN:
SF:/Users/pavel/Sites/11coders/my-contacts-client/src/pages/signup/signup-form.tsx
FN:8,(anonymous_0)
FN:8,(anonymous_1)
FNF:2
FNH:2
FNDA:2,(anonymous_0)
FNDA:7,(anonymous_1)
DA:8,2
DA:15,7
LF:2
LH:2
BRF:0
BRH:0
end_of_record
TN:
SF:/Users/pavel/Sites/11coders/my-contacts-client/src/pages/signup/styles.ts
FN:3,(anonymous_0)
FNF:1
FNH:1
FNDA:1,(anonymous_0)
DA:3,2
DA:4,1
LF:2
LH:2
BRF:0
BRH:0
end_of_record
TN:
SF:/Users/pavel/Sites/11coders/my-contacts-client/src/redux/configureStore.ts
FN:14,configureStore
FNF:1
FNH:1
FNDA:10,configureStore
DA:8,10
DA:10,10
DA:12,10
DA:15,10
DA:19,10
DA:26,10
DA:28,10
LF:7
LH:7
BRDA:8,0,0,10
BRDA:8,0,1,10
BRF:2
BRH:2
end_of_record
TN:
SF:/Users/pavel/Sites/11coders/my-contacts-client/src/redux/actions/contacts.ts
FN:2,(anonymous_0)
FN:10,(anonymous_1)
FN:19,(anonymous_2)
FN:24,(anonymous_3)
FN:30,(anonymous_4)
FN:36,(anonymous_5)
FN:42,(anonymous_6)
FN:50,(anonymous_7)
FN:56,(anonymous_8)
FN:63,(anonymous_9)
FN:69,(anonymous_10)
FN:75,(anonymous_11)
FN:81,(anonymous_12)
FNF:13
FNH:3
FNDA:1,(anonymous_0)
FNDA:1,(anonymous_1)
FNDA:0,(anonymous_2)
FNDA:0,(anonymous_3)
FNDA:0,(anonymous_4)
FNDA:0,(anonymous_5)
FNDA:1,(anonymous_6)
FNDA:0,(anonymous_7)
FNDA:0,(anonymous_8)
FNDA:0,(anonymous_9)
FNDA:0,(anonymous_10)
FNDA:0,(anonymous_11)
FNDA:0,(anonymous_12)
DA:1,10
DA:2,10
DA:9,10
DA:10,10
DA:18,10
DA:19,10
DA:23,10
DA:24,10
DA:29,10
DA:30,10
DA:35,10
DA:36,10
DA:41,10
DA:42,10
DA:47,10
DA:49,10
DA:50,10
DA:55,10
DA:56,10
DA:61,10
DA:62,10
DA:63,10
DA:68,10
DA:69,10
DA:74,10
DA:75,10
DA:80,10
DA:81,10
LF:28
LH:28
BRDA:2,0,0,1
BRDA:10,1,0,0
BRDA:10,2,0,0
BRF:3
BRH:1
end_of_record
TN:
SF:/Users/pavel/Sites/11coders/my-contacts-client/src/redux/actions/errors.ts
FN:2,(anonymous_0)
FN:20,(anonymous_1)
FNF:2
FNH:0
FNDA:0,(anonymous_0)
FNDA:0,(anonymous_1)
DA:1,10
DA:2,10
DA:3,0
DA:4,0
DA:19,10
DA:20,10
LF:6
LH:4
BRDA:4,0,0,0
BRDA:4,0,1,0
BRDA:15,1,0,0
BRDA:15,1,1,0
BRF:4
BRH:0
end_of_record
TN:
SF:/Users/pavel/Sites/11coders/my-contacts-client/src/redux/actions/session.ts
FN:4,(anonymous_0)
FN:10,(anonymous_1)
FN:16,(anonymous_2)
FN:22,(anonymous_3)
FNF:4
FNH:3
FNDA:2,(anonymous_0)
FNDA:5,(anonymous_1)
FNDA:0,(anonymous_2)
FNDA:1,(anonymous_3)
DA:3,10
DA:4,10
DA:9,10
DA:10,10
DA:15,10
DA:16,10
DA:21,10
DA:22,10
LF:8
LH:8
BRF:0
BRH:0
end_of_record
TN:
SF:/Users/pavel/Sites/11coders/my-contacts-client/src/redux/actions/user.ts
FN:2,(anonymous_0)
FN:10,(anonymous_1)
FN:16,(anonymous_2)
FN:21,(anonymous_3)
FN:27,(anonymous_4)
FNF:5
FNH:3
FNDA:3,(anonymous_0)
FNDA:2,(anonymous_1)
FNDA:1,(anonymous_2)
FNDA:0,(anonymous_3)
FNDA:0,(anonymous_4)
DA:1,10
DA:2,10
DA:7,10
DA:9,10
DA:10,10
DA:15,10
DA:16,10
DA:20,10
DA:21,10
DA:26,10
DA:27,10
DA:32,10
LF:12
LH:12
BRF:0
BRH:0
end_of_record
TN:
SF:/Users/pavel/Sites/11coders/my-contacts-client/src/redux/epics/contacts.ts
FN:33,(anonymous_0)
FN:46,(anonymous_1)
FN:48,(anonymous_2)
FN:61,(anonymous_3)
FN:62,(anonymous_4)
FN:67,(anonymous_5)
FN:75,(anonymous_6)
FN:87,(anonymous_7)
FN:88,(anonymous_8)
FN:93,(anonymous_9)
FN:101,(anonymous_10)
FN:112,(anonymous_11)
FN:113,(anonymous_12)
FN:118,(anonymous_13)
FN:126,(anonymous_14)
FN:137,(anonymous_15)
FN:138,(anonymous_16)
FNF:17
FNH:7
FNDA:11,(anonymous_0)
FNDA:2,(anonymous_1)
FNDA:1,(anonymous_2)
FNDA:1,(anonymous_3)
FNDA:0,(anonymous_4)
FNDA:10,(anonymous_5)
FNDA:0,(anonymous_6)
FNDA:0,(anonymous_7)
FNDA:0,(anonymous_8)
FNDA:10,(anonymous_9)
FNDA:0,(anonymous_10)
FNDA:0,(anonymous_11)
FNDA:0,(anonymous_12)
FNDA:10,(anonymous_13)
FNDA:0,(anonymous_14)
FNDA:0,(anonymous_15)
FNDA:0,(anonymous_16)
DA:33,10
DA:38,11
DA:46,2
DA:49,1
DA:61,1
DA:62,0
DA:67,10
DA:72,10
DA:76,0
DA:87,0
DA:88,0
DA:93,10
DA:98,10
DA:102,0
DA:112,0
DA:113,0
DA:118,10
DA:123,10
DA:127,0
DA:137,0
DA:138,0
LF:21
LH:11
BRF:0
BRH:0
end_of_record
TN:
SF:/Users/pavel/Sites/11coders/my-contacts-client/src/redux/epics/index.ts
FNF:0
FNH:0
DA:6,10
LF:1
LH:1
BRF:0
BRH:0
end_of_record
TN:
SF:/Users/pavel/Sites/11coders/my-contacts-client/src/redux/epics/session.ts
FN:16,(anonymous_0)
FN:23,(anonymous_1)
FN:35,(anonymous_2)
FN:36,(anonymous_3)
FN:41,(anonymous_4)
FN:49,(anonymous_5)
FN:56,(anonymous_6)
FN:63,(anonymous_7)
FNF:8
FNH:7
FNDA:11,(anonymous_0)
FNDA:3,(anonymous_1)
FNDA:3,(anonymous_2)
FNDA:0,(anonymous_3)
FNDA:11,(anonymous_4)
FNDA:4,(anonymous_5)
FNDA:11,(anonymous_6)
FNDA:1,(anonymous_7)
DA:16,10
DA:21,11
DA:24,3
DA:35,3
DA:36,0
DA:41,10
DA:46,11
DA:50,4
DA:51,4
DA:52,3
DA:56,10
DA:61,11
DA:64,1
DA:65,1
DA:66,1
LF:15
LH:14
BRF:0
BRH:0
end_of_record
TN:
SF:/Users/pavel/Sites/11coders/my-contacts-client/src/redux/epics/user.ts
FN:14,(anonymous_0)
FN:17,(anonymous_1)
FN:25,(anonymous_2)
FN:26,(anonymous_3)
FN:31,(anonymous_4)
FN:34,(anonymous_5)
FN:46,(anonymous_6)
FN:47,(anonymous_7)
FNF:8
FNH:6
FNDA:10,(anonymous_0)
FNDA:2,(anonymous_1)
FNDA:2,(anonymous_2)
FNDA:0,(anonymous_3)
FNDA:10,(anonymous_4)
FNDA:1,(anonymous_5)
FNDA:1,(anonymous_6)
FNDA:0,(anonymous_7)
DA:14,10
DA:15,10
DA:18,2
DA:25,2
DA:26,0
DA:31,10
DA:32,10
DA:35,1
DA:46,1
DA:47,0
LF:10
LH:8
BRF:0
BRH:0
end_of_record
TN:
SF:/Users/pavel/Sites/11coders/my-contacts-client/src/redux/reducers/contacts.ts
FN:32,(anonymous_0)
FN:34,(anonymous_1)
FN:35,(anonymous_2)
FN:36,(anonymous_3)
FN:45,(anonymous_4)
FN:55,(anonymous_5)
FN:65,(anonymous_6)
FN:72,(anonymous_7)
FN:77,(anonymous_8)
FN:81,(anonymous_9)
FNF:10
FNH:1
FNDA:0,(anonymous_0)
FNDA:0,(anonymous_1)
FNDA:0,(anonymous_2)
FNDA:0,(anonymous_3)
FNDA:0,(anonymous_4)
FNDA:0,(anonymous_5)
FNDA:1,(anonymous_6)
FNDA:0,(anonymous_7)
FNDA:0,(anonymous_8)
FNDA:0,(anonymous_9)
DA:22,10
DA:32,10
DA:33,0
DA:34,10
DA:35,10
DA:36,10
DA:37,0
DA:45,10
DA:46,0
DA:55,10
DA:56,0
DA:65,10
DA:66,1
DA:72,10
DA:73,0
DA:74,0
DA:77,10
DA:78,0
DA:81,10
DA:82,0
DA:83,0
DA:86,10
LF:22
LH:13
BRF:0
BRH:0
end_of_record
TN:
SF:/Users/pavel/Sites/11coders/my-contacts-client/src/redux/reducers/errors.ts
FN:10,(anonymous_0)
FN:12,(anonymous_1)
FNF:2
FNH:0
FNDA:0,(anonymous_0)
FNDA:0,(anonymous_1)
DA:4,10
DA:10,10
DA:12,10
DA:14,10
LF:4
LH:4
BRF:0
BRH:0
end_of_record
TN:
SF:/Users/pavel/Sites/11coders/my-contacts-client/src/redux/reducers/index.ts
FNF:0
FNH:0
LF:0
LH:0
BRF:0
BRH:0
end_of_record
TN:
SF:/Users/pavel/Sites/11coders/my-contacts-client/src/redux/reducers/session.ts
FN:24,(anonymous_0)
FN:32,(anonymous_1)
FN:34,(anonymous_2)
FNF:3
FNH:2
FNDA:3,(anonymous_0)
FNDA:2,(anonymous_1)
FNDA:0,(anonymous_2)
DA:19,10
DA:24,10
DA:25,3
DA:26,3
DA:32,10
DA:34,10
DA:36,10
LF:7
LH:7
BRF:0
BRH:0
end_of_record
TN:
SF:/Users/pavel/Sites/11coders/my-contacts-client/src/redux/reducers/user.ts
FN:10,(anonymous_0)
FN:12,(anonymous_1)
FN:14,(anonymous_2)
FNF:3
FNH:2
FNDA:2,(anonymous_0)
FNDA:2,(anonymous_1)
FNDA:0,(anonymous_2)
DA:4,10
DA:10,10
DA:12,10
DA:14,10
DA:16,10
LF:5
LH:5
BRF:0
BRH:0
end_of_record
TN:
SF:/Users/pavel/Sites/11coders/my-contacts-client/src/selectors/index.ts
FN:1,(anonymous_0)
FN:2,(anonymous_1)
FN:3,(anonymous_2)
FNF:3
FNH:3
FNDA:9,(anonymous_0)
FNDA:2,(anonymous_1)
FNDA:4,(anonymous_2)
DA:1,10
DA:2,10
DA:3,10
LF:3
LH:3
BRF:0
BRH:0
end_of_record
TN:
SF:/Users/pavel/Sites/11coders/my-contacts-client/src/themes/default.ts
FNF:0
FNH:0
DA:5,1
LF:1
LH:1
BRF:0
BRH:0
end_of_record
TN:
SF:/Users/pavel/Sites/11coders/my-contacts-client/src/utils/api-client.ts
FN:9,(anonymous_0)
FN:13,(anonymous_1)
FN:40,(anonymous_2)
FN:44,(anonymous_3)
FN:65,(anonymous_4)
FNF:5
FNH:0
FNDA:0,(anonymous_0)
FNDA:0,(anonymous_1)
FNDA:0,(anonymous_2)
FNDA:0,(anonymous_3)
FNDA:0,(anonymous_4)
DA:1,0
DA:2,0
DA:3,0
DA:4,0
DA:10,0
DA:11,0
DA:28,0
DA:29,0
DA:30,0
DA:33,0
DA:34,0
DA:35,0
DA:40,0
DA:41,0
DA:43,0
DA:44,0
DA:45,0
DA:46,0
DA:47,0
DA:48,0
DA:49,0
DA:50,0
DA:54,0
DA:55,0
DA:56,0
DA:57,0
DA:58,0
DA:61,0
DA:62,0
DA:65,0
DA:66,0
DA:69,0
DA:82,0
DA:86,0
DA:90,0
LF:35
LH:0
BRDA:18,0,0,0
BRDA:18,0,1,0
BRDA:19,1,0,0
BRDA:19,1,1,0
BRDA:29,2,0,0
BRDA:29,2,1,0
BRDA:29,3,0,0
BRDA:29,3,1,0
BRDA:29,3,2,0
BRDA:34,4,0,0
BRDA:34,4,1,0
BRDA:46,5,0,0
BRDA:46,5,1,0
BRDA:48,6,0,0
BRDA:48,6,1,0
BRDA:48,7,0,0
BRDA:48,7,1,0
BRDA:55,8,0,0
BRDA:55,8,1,0
BRDA:57,9,0,0
BRDA:57,9,1,0
BRDA:57,10,0,0
BRDA:57,10,1,0
BRDA:82,11,0,0
BRDA:82,11,1,0
BRDA:83,12,0,0
BRDA:83,12,1,0
BRDA:83,12,2,0
BRF:28
BRH:0
end_of_record
TN:
SF:/Users/pavel/Sites/11coders/my-contacts-client/src/utils/app-context.tsx
FN:13,withAppContext
FN:14,ComponentWithAppContext
FN:17,(anonymous_2)
FNF:3
FNH:0
FNDA:0,withAppContext
FNDA:0,ComponentWithAppContext
FNDA:0,(anonymous_2)
DA:7,1
DA:11,1
DA:14,0
DA:15,0
DA:17,0
LF:5
LH:2
BRF:0
BRH:0
end_of_record
TN:
SF:/Users/pavel/Sites/11coders/my-contacts-client/src/utils/compose.ts
FN:1,(anonymous_0)
FN:2,(anonymous_1)
FN:2,(anonymous_2)
FN:2,(anonymous_3)
FNF:4
FNH:4
FNDA:9,(anonymous_0)
FNDA:14,(anonymous_1)
FNDA:14,(anonymous_2)
FNDA:9,(anonymous_3)
DA:1,5
DA:2,14
LF:2
LH:2
BRF:0
BRH:0
end_of_record
TN:
SF:/Users/pavel/Sites/11coders/my-contacts-client/src/utils/create-reducer.ts
FN:3,(anonymous_0)
FN:3,(anonymous_1)
FNF:2
FNH:2
FNDA:40,(anonymous_0)
FNDA:164,(anonymous_1)
DA:3,40
DA:6,164
LF:2
LH:2
BRDA:4,0,0,120
BRDA:6,1,0,10
BRDA:6,1,1,154
BRF:3
BRH:3
end_of_record
TN:
SF:/Users/pavel/Sites/11coders/my-contacts-client/src/utils/manage-cookies.ts
FN:1,createCookie
FN:15,readCookie
FN:29,eraseCookie
FNF:3
FNH:3
FNDA:7,createCookie
FNDA:2,readCookie
FNDA:2,eraseCookie
DA:6,7
DA:7,7
DA:8,2
DA:9,2
DA:11,7
DA:12,7
DA:16,2
DA:17,2
DA:18,2
DA:19,2
DA:20,0
DA:22,2
DA:23,1
DA:26,1
DA:30,2
LF:15
LH:14
BRDA:7,0,0,2
BRDA:7,0,1,5
BRDA:22,1,0,1
BRDA:22,1,1,1
BRF:4
BRH:4
end_of_record
TN:
SF:/Users/pavel/Sites/11coders/my-contacts-client/src/utils/mock-api-client.ts
FN:36,(anonymous_0)
FN:47,(anonymous_1)
FNF:2
FNH:2
FNDA:6,(anonymous_0)
FNDA:5,(anonymous_1)
DA:1,9
DA:36,9
DA:43,6
DA:46,9
DA:47,5
LF:5
LH:5
BRF:0
BRH:0
end_of_record
TN:
SF:/Users/pavel/Sites/11coders/my-contacts-client/src/utils/private-route.tsx
FN:16,(anonymous_0)
FNF:1
FNH:1
FNDA:1,(anonymous_0)
DA:8,1
DA:16,1
DA:21,1
LF:3
LH:3
BRDA:21,0,0,0
BRDA:21,0,1,1
BRF:2
BRH:1
end_of_record
TN:
SF:/Users/pavel/Sites/11coders/my-contacts-client/src/utils/render-with-redux.tsx
FN:10,(anonymous_0)
FNF:1
FNH:1
FNDA:8,(anonymous_0)
DA:8,8
DA:10,8
DA:11,8
LF:3
LH:3
BRF:0
BRH:0
end_of_record
TN:
SF:/Users/pavel/Sites/11coders/my-contacts-client/src/utils/text-transform.ts
FN:1,(anonymous_0)
FN:7,(anonymous_1)
FNF:2
FNH:2
FNDA:4,(anonymous_0)
FNDA:1,(anonymous_1)
DA:1,5
DA:2,4
DA:3,4
DA:4,4
DA:7,5
DA:8,1
DA:9,1
LF:7
LH:7
BRF:0
BRH:0
end_of_record
